This file contains any messages produced by compilers while
running configure, to aid debugging if configure makes a mistake.

It was created by CVD configure 0.7, which was
generated by GNU Autoconf 2.61.  Invocation command line was

  $ ./configure --without-ffmpeg --prefix=/home/alan/bin/libcvd_2009 --without-v4l1buffer --with-linux=3.8.0-26-generic

## --------- ##
## Platform. ##
## --------- ##

hostname = stuff
uname -m = i686
uname -r = 3.8.0-26-generic
uname -s = Linux
uname -v = #38-Ubuntu SMP Mon Jun 17 21:46:08 UTC 2013

/usr/bin/uname -p = unknown
/bin/uname -X     = unknown

/bin/arch              = unknown
/usr/bin/arch -k       = unknown
/usr/convex/getsysinfo = unknown
/usr/bin/hostinfo      = unknown
/bin/machine           = unknown
/usr/bin/oslevel       = unknown
/bin/universe          = unknown

PATH: /usr/lib/lightdm/lightdm
PATH: /usr/local/sbin
PATH: /usr/local/bin
PATH: /usr/sbin
PATH: /usr/bin
PATH: /sbin
PATH: /bin
PATH: /usr/games
PATH: /usr/local/games


## ----------- ##
## Core tests. ##
## ----------- ##

configure:1878: checking for gcc
configure:1894: found /usr/bin/gcc
configure:1905: result: gcc
configure:2143: checking for C compiler version
configure:2150: gcc --version >&5
gcc (Ubuntu/Linaro 4.7.3-1ubuntu1) 4.7.3
Copyright (C) 2012 Free Software Foundation, Inc.
This is free software; see the source for copying conditions.  There is NO
warranty; not even for MERCHANTABILITY or FITNESS FOR A PARTICULAR PURPOSE.

configure:2153: $? = 0
configure:2160: gcc -v >&5
Using built-in specs.
COLLECT_GCC=gcc
COLLECT_LTO_WRAPPER=/usr/lib/gcc/i686-linux-gnu/4.7/lto-wrapper
Target: i686-linux-gnu
Configured with: ../src/configure -v --with-pkgversion='Ubuntu/Linaro 4.7.3-1ubuntu1' --with-bugurl=file:///usr/share/doc/gcc-4.7/README.Bugs --enable-languages=c,c++,go,fortran,objc,obj-c++ --prefix=/usr --program-suffix=-4.7 --enable-shared --enable-linker-build-id --libexecdir=/usr/lib --without-included-gettext --enable-threads=posix --with-gxx-include-dir=/usr/include/c++/4.7 --libdir=/usr/lib --enable-nls --with-sysroot=/ --enable-clocale=gnu --enable-libstdcxx-debug --enable-libstdcxx-time=yes --enable-gnu-unique-object --enable-plugin --with-system-zlib --enable-objc-gc --enable-targets=all --with-cloog --enable-cloog-backend=ppl --disable-cloog-version-check --disable-ppl-version-check --enable-multiarch --disable-werror --with-arch-32=i686 --with-multilib-list=m32,m64,mx32 --with-tune=generic --enable-checking=release --build=i686-linux-gnu --host=i686-linux-gnu --target=i686-linux-gnu
Thread model: posix
gcc version 4.7.3 (Ubuntu/Linaro 4.7.3-1ubuntu1) 
configure:2163: $? = 0
configure:2170: gcc -V >&5
gcc: error: unrecognized command line option '-V'
gcc: fatal error: no input files
compilation terminated.
configure:2173: $? = 4
configure:2196: checking for C compiler default output file name
configure:2223: gcc  -I /home/alan/bin/TooN/include/   -I /home/alan/bin/TooN/include/   conftest.c  >&5
configure:2226: $? = 0
configure:2264: result: a.out
configure:2281: checking whether the C compiler works
configure:2291: ./a.out
configure:2294: $? = 0
configure:2311: result: yes
configure:2318: checking whether we are cross compiling
configure:2320: result: no
configure:2323: checking for suffix of executables
configure:2330: gcc -o conftest  -I /home/alan/bin/TooN/include/   -I /home/alan/bin/TooN/include/   conftest.c  >&5
configure:2333: $? = 0
configure:2357: result: 
configure:2363: checking for suffix of object files
configure:2389: gcc -c  -I /home/alan/bin/TooN/include/   -I /home/alan/bin/TooN/include/  conftest.c >&5
configure:2392: $? = 0
configure:2415: result: o
configure:2419: checking whether we are using the GNU C compiler
configure:2448: gcc -c  -I /home/alan/bin/TooN/include/   -I /home/alan/bin/TooN/include/  conftest.c >&5
configure:2454: $? = 0
configure:2471: result: yes
configure:2476: checking whether gcc accepts -g
configure:2506: gcc -c -g  -I /home/alan/bin/TooN/include/  conftest.c >&5
configure:2512: $? = 0
configure:2611: result: yes
configure:2628: checking for gcc option to accept ISO C89
configure:2702: gcc  -c  -I /home/alan/bin/TooN/include/   -I /home/alan/bin/TooN/include/  conftest.c >&5
configure:2708: $? = 0
configure:2731: result: none needed
configure:2755: checking how to run the C preprocessor
configure:2795: gcc -E  -I /home/alan/bin/TooN/include/  conftest.c
configure:2801: $? = 0
configure:2832: gcc -E  -I /home/alan/bin/TooN/include/  conftest.c
conftest.c:8:28: fatal error: ac_nonexistent.h: No such file or directory
compilation terminated.
configure:2838: $? = 1
configure: failed program was:
| /* confdefs.h.  */
| #define PACKAGE_NAME "CVD"
| #define PACKAGE_TARNAME "cvd"
| #define PACKAGE_VERSION "0.7"
| #define PACKAGE_STRING "CVD 0.7"
| #define PACKAGE_BUGREPORT ""
| /* end confdefs.h.  */
| #include <ac_nonexistent.h>
configure:2871: result: gcc -E
configure:2900: gcc -E  -I /home/alan/bin/TooN/include/  conftest.c
configure:2906: $? = 0
configure:2937: gcc -E  -I /home/alan/bin/TooN/include/  conftest.c
conftest.c:8:28: fatal error: ac_nonexistent.h: No such file or directory
compilation terminated.
configure:2943: $? = 1
configure: failed program was:
| /* confdefs.h.  */
| #define PACKAGE_NAME "CVD"
| #define PACKAGE_TARNAME "cvd"
| #define PACKAGE_VERSION "0.7"
| #define PACKAGE_STRING "CVD 0.7"
| #define PACKAGE_BUGREPORT ""
| /* end confdefs.h.  */
| #include <ac_nonexistent.h>
configure:2981: checking for grep that handles long lines and -e
configure:3055: result: /bin/grep
configure:3060: checking for egrep
configure:3138: result: /bin/grep -E
configure:3143: checking for ANSI C header files
configure:3173: gcc -c  -I /home/alan/bin/TooN/include/   -I /home/alan/bin/TooN/include/  conftest.c >&5
configure:3179: $? = 0
configure:3278: gcc -o conftest  -I /home/alan/bin/TooN/include/   -I /home/alan/bin/TooN/include/   conftest.c  >&5
configure:3281: $? = 0
configure:3287: ./conftest
configure:3290: $? = 0
configure:3307: result: yes
configure:3322: checking for gawk
configure:3352: result: no
configure:3322: checking for mawk
configure:3338: found /usr/bin/mawk
configure:3349: result: mawk
configure:3418: checking for g++
configure:3434: found /usr/bin/g++
configure:3445: result: g++
configure:3476: checking for C++ compiler version
configure:3483: g++ --version >&5
g++ (Ubuntu/Linaro 4.7.3-1ubuntu1) 4.7.3
Copyright (C) 2012 Free Software Foundation, Inc.
This is free software; see the source for copying conditions.  There is NO
warranty; not even for MERCHANTABILITY or FITNESS FOR A PARTICULAR PURPOSE.

configure:3486: $? = 0
configure:3493: g++ -v >&5
Using built-in specs.
COLLECT_GCC=g++
COLLECT_LTO_WRAPPER=/usr/lib/gcc/i686-linux-gnu/4.7/lto-wrapper
Target: i686-linux-gnu
Configured with: ../src/configure -v --with-pkgversion='Ubuntu/Linaro 4.7.3-1ubuntu1' --with-bugurl=file:///usr/share/doc/gcc-4.7/README.Bugs --enable-languages=c,c++,go,fortran,objc,obj-c++ --prefix=/usr --program-suffix=-4.7 --enable-shared --enable-linker-build-id --libexecdir=/usr/lib --without-included-gettext --enable-threads=posix --with-gxx-include-dir=/usr/include/c++/4.7 --libdir=/usr/lib --enable-nls --with-sysroot=/ --enable-clocale=gnu --enable-libstdcxx-debug --enable-libstdcxx-time=yes --enable-gnu-unique-object --enable-plugin --with-system-zlib --enable-objc-gc --enable-targets=all --with-cloog --enable-cloog-backend=ppl --disable-cloog-version-check --disable-ppl-version-check --enable-multiarch --disable-werror --with-arch-32=i686 --with-multilib-list=m32,m64,mx32 --with-tune=generic --enable-checking=release --build=i686-linux-gnu --host=i686-linux-gnu --target=i686-linux-gnu
Thread model: posix
gcc version 4.7.3 (Ubuntu/Linaro 4.7.3-1ubuntu1) 
configure:3496: $? = 0
configure:3503: g++ -V >&5
g++: error: unrecognized command line option '-V'
g++: fatal error: no input files
compilation terminated.
configure:3506: $? = 4
configure:3509: checking whether we are using the GNU C++ compiler
configure:3538: g++ -c -D_REENTRANT -fomit-frame-pointer  -I /home/alan/bin/TooN/include/  conftest.cpp >&5
configure:3544: $? = 0
configure:3561: result: yes
configure:3566: checking whether g++ accepts -g
configure:3596: g++ -c -g  -I /home/alan/bin/TooN/include/  conftest.cpp >&5
configure:3602: $? = 0
configure:3701: result: yes
configure:3768: checking for a BSD-compatible install
configure:3824: result: /usr/bin/install -c
configure:3835: checking whether ln -s works
configure:3839: result: yes
configure:3889: checking for ranlib
configure:3905: found /usr/bin/ranlib
configure:3916: result: ranlib
configure:3955: checking how to run the C++ preprocessor
configure:3991: g++ -E  -I /home/alan/bin/TooN/include/  conftest.cpp
configure:3997: $? = 0
configure:4028: g++ -E  -I /home/alan/bin/TooN/include/  conftest.cpp
conftest.cpp:9:28: fatal error: ac_nonexistent.h: No such file or directory
compilation terminated.
configure:4034: $? = 1
configure: failed program was:
| /* confdefs.h.  */
| #define PACKAGE_NAME "CVD"
| #define PACKAGE_TARNAME "cvd"
| #define PACKAGE_VERSION "0.7"
| #define PACKAGE_STRING "CVD 0.7"
| #define PACKAGE_BUGREPORT ""
| #define STDC_HEADERS 1
| /* end confdefs.h.  */
| #include <ac_nonexistent.h>
configure:4067: result: g++ -E
configure:4096: g++ -E  -I /home/alan/bin/TooN/include/  conftest.cpp
configure:4102: $? = 0
configure:4133: g++ -E  -I /home/alan/bin/TooN/include/  conftest.cpp
conftest.cpp:9:28: fatal error: ac_nonexistent.h: No such file or directory
compilation terminated.
configure:4139: $? = 1
configure: failed program was:
| /* confdefs.h.  */
| #define PACKAGE_NAME "CVD"
| #define PACKAGE_TARNAME "cvd"
| #define PACKAGE_VERSION "0.7"
| #define PACKAGE_STRING "CVD 0.7"
| #define PACKAGE_BUGREPORT ""
| #define STDC_HEADERS 1
| /* end confdefs.h.  */
| #include <ac_nonexistent.h>
configure:4235: checking if compiler flag -Wall works
configure:4255: g++ -c -D_REENTRANT -fomit-frame-pointer -Wall  -I /home/alan/bin/TooN/include/  conftest.cpp >&5
configure:4261: $? = 0
configure:4282: result: yes
configure:4295: checking if compiler flag -Wextra works
configure:4315: g++ -c -D_REENTRANT -fomit-frame-pointer -Wall -Wextra  -I /home/alan/bin/TooN/include/  conftest.cpp >&5
configure:4321: $? = 0
configure:4342: result: yes
configure:4355: checking if compiler flag -pipe works
configure:4375: g++ -c -D_REENTRANT -fomit-frame-pointer -Wall -Wextra -pipe  -I /home/alan/bin/TooN/include/  conftest.cpp >&5
configure:4381: $? = 0
configure:4402: result: yes
configure:4438: checking if compiler flag -ggdb works
configure:4458: g++ -c -D_REENTRANT -fomit-frame-pointer -Wall -Wextra -pipe -ggdb  -I /home/alan/bin/TooN/include/  -I/home/alan/bin/libcvd_2009/include conftest.cpp >&5
configure:4464: $? = 0
configure:4485: result: yes
configure:4508: checking if compiler flag -fPIC works
configure:4528: g++ -c -D_REENTRANT -fomit-frame-pointer -Wall -Wextra -pipe -ggdb -fPIC  -I /home/alan/bin/TooN/include/  -I/home/alan/bin/libcvd_2009/include conftest.cpp >&5
configure:4534: $? = 0
configure:4555: result: yes
configure:4579: checking build system type
configure:4597: result: i686-pc-linux-gnu
configure:4619: checking host system type
configure:4634: result: i686-pc-linux-gnu
configure:4681: checking for best optimize flags
configure:4683: result: 
configure:4689: checking if compiler flag -O3 works
configure:4709: g++ -c  -O3  -I /home/alan/bin/TooN/include/  -I/home/alan/bin/libcvd_2009/include conftest.cpp >&5
configure:4715: $? = 0
configure:4736: result: yes
configure:4752: checking CPU type
configure:4787: result: unknown
configure:4900: checking for sys/types.h
configure:4921: g++ -c -D_REENTRANT -fomit-frame-pointer -Wall -Wextra -pipe -ggdb -fPIC  -I /home/alan/bin/TooN/include/  -I/home/alan/bin/libcvd_2009/include conftest.cpp >&5
configure:4927: $? = 0
configure:4943: result: yes
configure:4900: checking for sys/stat.h
configure:4921: g++ -c -D_REENTRANT -fomit-frame-pointer -Wall -Wextra -pipe -ggdb -fPIC  -I /home/alan/bin/TooN/include/  -I/home/alan/bin/libcvd_2009/include conftest.cpp >&5
configure:4927: $? = 0
configure:4943: result: yes
configure:4900: checking for stdlib.h
configure:4921: g++ -c -D_REENTRANT -fomit-frame-pointer -Wall -Wextra -pipe -ggdb -fPIC  -I /home/alan/bin/TooN/include/  -I/home/alan/bin/libcvd_2009/include conftest.cpp >&5
configure:4927: $? = 0
configure:4943: result: yes
configure:4900: checking for string.h
configure:4921: g++ -c -D_REENTRANT -fomit-frame-pointer -Wall -Wextra -pipe -ggdb -fPIC  -I /home/alan/bin/TooN/include/  -I/home/alan/bin/libcvd_2009/include conftest.cpp >&5
configure:4927: $? = 0
configure:4943: result: yes
configure:4900: checking for memory.h
configure:4921: g++ -c -D_REENTRANT -fomit-frame-pointer -Wall -Wextra -pipe -ggdb -fPIC  -I /home/alan/bin/TooN/include/  -I/home/alan/bin/libcvd_2009/include conftest.cpp >&5
configure:4927: $? = 0
configure:4943: result: yes
configure:4900: checking for strings.h
configure:4921: g++ -c -D_REENTRANT -fomit-frame-pointer -Wall -Wextra -pipe -ggdb -fPIC  -I /home/alan/bin/TooN/include/  -I/home/alan/bin/libcvd_2009/include conftest.cpp >&5
configure:4927: $? = 0
configure:4943: result: yes
configure:4900: checking for inttypes.h
configure:4921: g++ -c -D_REENTRANT -fomit-frame-pointer -Wall -Wextra -pipe -ggdb -fPIC  -I /home/alan/bin/TooN/include/  -I/home/alan/bin/libcvd_2009/include conftest.cpp >&5
configure:4927: $? = 0
configure:4943: result: yes
configure:4900: checking for stdint.h
configure:4921: g++ -c -D_REENTRANT -fomit-frame-pointer -Wall -Wextra -pipe -ggdb -fPIC  -I /home/alan/bin/TooN/include/  -I/home/alan/bin/libcvd_2009/include conftest.cpp >&5
configure:4927: $? = 0
configure:4943: result: yes
configure:4900: checking for unistd.h
configure:4921: g++ -c -D_REENTRANT -fomit-frame-pointer -Wall -Wextra -pipe -ggdb -fPIC  -I /home/alan/bin/TooN/include/  -I/home/alan/bin/libcvd_2009/include conftest.cpp >&5
configure:4927: $? = 0
configure:4943: result: yes
configure:4955: checking whether byte ordering is bigendian
configure:4988: g++ -c -D_REENTRANT -fomit-frame-pointer -Wall -Wextra -pipe -ggdb -fPIC  -I /home/alan/bin/TooN/include/  -I/home/alan/bin/libcvd_2009/include conftest.cpp >&5
configure:4994: $? = 0
configure:5026: g++ -c -D_REENTRANT -fomit-frame-pointer -Wall -Wextra -pipe -ggdb -fPIC  -I /home/alan/bin/TooN/include/  -I/home/alan/bin/libcvd_2009/include conftest.cpp >&5
conftest.cpp: In function 'int main()':
conftest.cpp:27:6: error: 'big' was not declared in this scope
conftest.cpp:27:10: error: expected ';' before 'endian'
configure:5032: $? = 1
configure: failed program was:
| /* confdefs.h.  */
| #define PACKAGE_NAME "CVD"
| #define PACKAGE_TARNAME "cvd"
| #define PACKAGE_VERSION "0.7"
| #define PACKAGE_STRING "CVD 0.7"
| #define PACKAGE_BUGREPORT ""
| #define STDC_HEADERS 1
| #define CVD_MAJOR_VERSION 0
| #define CVD_MINOR_VERSION 7
| #define HAVE_SYS_TYPES_H 1
| #define HAVE_SYS_STAT_H 1
| #define HAVE_STDLIB_H 1
| #define HAVE_STRING_H 1
| #define HAVE_MEMORY_H 1
| #define HAVE_STRINGS_H 1
| #define HAVE_INTTYPES_H 1
| #define HAVE_STDINT_H 1
| #define HAVE_UNISTD_H 1
| /* end confdefs.h.  */
| #include <sys/types.h>
| #include <sys/param.h>
| 
| int
| main ()
| {
| #if BYTE_ORDER != BIG_ENDIAN
|  not big endian
| #endif
| 
|   ;
|   return 0;
| }
configure:5172: result: no
configure:5270: checking for MMX support
configure:5298: g++ -o conftest -D_REENTRANT -fomit-frame-pointer -Wall -Wextra -pipe -ggdb -fPIC -mmmx  -I /home/alan/bin/TooN/include/  -I/home/alan/bin/libcvd_2009/include  conftest.cpp  >&5
configure:5301: $? = 0
configure:5307: ./conftest
configure:5310: $? = 0
configure:5331: result: yes
configure:5370: checking for MMXEXT support
configure:5397: g++ -o conftest -D_REENTRANT -fomit-frame-pointer -Wall -Wextra -pipe -ggdb -fPIC -mmmx -msse  -I /home/alan/bin/TooN/include/  -I/home/alan/bin/libcvd_2009/include  conftest.cpp  >&5
configure:5400: $? = 0
configure:5406: ./conftest
configure:5409: $? = 0
configure:5430: result: yes
configure:5469: checking for SSE support
configure:5497: g++ -o conftest -D_REENTRANT -fomit-frame-pointer -Wall -Wextra -pipe -ggdb -fPIC -mmmx -msse -msse  -I /home/alan/bin/TooN/include/  -I/home/alan/bin/libcvd_2009/include  conftest.cpp  >&5
configure:5500: $? = 0
configure:5506: ./conftest
configure:5509: $? = 0
configure:5530: result: yes
configure:5569: checking for SSE2 support
configure:5597: g++ -o conftest -D_REENTRANT -fomit-frame-pointer -Wall -Wextra -pipe -ggdb -fPIC -mmmx -msse -msse -msse2  -I /home/alan/bin/TooN/include/  -I/home/alan/bin/libcvd_2009/include  conftest.cpp  >&5
configure:5600: $? = 0
configure:5606: ./conftest
configure:5609: $? = 0
configure:5630: result: yes
configure:5669: checking for SSE3 support
configure:5697: g++ -o conftest -D_REENTRANT -fomit-frame-pointer -Wall -Wextra -pipe -ggdb -fPIC -mmmx -msse -msse -msse2 -msse3  -I /home/alan/bin/TooN/include/  -I/home/alan/bin/libcvd_2009/include  conftest.cpp  >&5
configure:5700: $? = 0
configure:5706: ./conftest
configure:5709: $? = 0
configure:5730: result: yes
configure:5757: checking for void*
configure:5787: g++ -c -D_REENTRANT -fomit-frame-pointer -Wall -Wextra -pipe -ggdb -fPIC -mmmx -msse -msse -msse2 -msse3  -I /home/alan/bin/TooN/include/  -I/home/alan/bin/libcvd_2009/include conftest.cpp >&5
configure:5793: $? = 0
configure:5808: result: yes
configure:5815: checking size of void*
configure:6117: g++ -o conftest -D_REENTRANT -fomit-frame-pointer -Wall -Wextra -pipe -ggdb -fPIC -mmmx -msse -msse -msse2 -msse3  -I /home/alan/bin/TooN/include/  -I/home/alan/bin/libcvd_2009/include  conftest.cpp  >&5
configure:6120: $? = 0
configure:6126: ./conftest
configure:6129: $? = 0
configure:6152: result: 4
configure:6182: checking for inline asm statement
configure:6193: g++ -c -D_REENTRANT -fomit-frame-pointer -Wall -Wextra -pipe -ggdb -fPIC -mmmx -msse -msse -msse2 -msse3  -I /home/alan/bin/TooN/include/  -I/home/alan/bin/libcvd_2009/include conftest.cpp >&5
configure:6199: $? = 0
configure:6204: result: yes
configure:6252: checking assembler supports .type pseudo-op
configure:6256: result: yes
configure:6379: checking dc1394/dc1394.h usability
configure:6396: g++ -c -D_REENTRANT -fomit-frame-pointer -Wall -Wextra -pipe -ggdb -fPIC -mmmx -msse -msse -msse2 -msse3  -I /home/alan/bin/TooN/include/  -I/home/alan/bin/libcvd_2009/include conftest.cpp >&5
configure:6402: $? = 0
configure:6416: result: yes
configure:6420: checking dc1394/dc1394.h presence
configure:6435: g++ -E  -I /home/alan/bin/TooN/include/  -I/home/alan/bin/libcvd_2009/include conftest.cpp
configure:6441: $? = 0
configure:6455: result: yes
configure:6483: checking for dc1394/dc1394.h
configure:6491: result: yes
configure:6507: checking for main in -ldc1394
configure:6536: g++ -o conftest -D_REENTRANT -fomit-frame-pointer -Wall -Wextra -pipe -ggdb -fPIC -mmmx -msse -msse -msse2 -msse3  -I /home/alan/bin/TooN/include/  -I/home/alan/bin/libcvd_2009/include  conftest.cpp -ldc1394   >&5
configure:6542: $? = 0
configure:6560: result: yes
configure:6630: checking libraw1394/raw1394.h usability
configure:6647: g++ -c -D_REENTRANT -fomit-frame-pointer -Wall -Wextra -pipe -ggdb -fPIC -mmmx -msse -msse -msse2 -msse3  -I /home/alan/bin/TooN/include/  -I/home/alan/bin/libcvd_2009/include conftest.cpp >&5
configure:6653: $? = 0
configure:6667: result: yes
configure:6671: checking libraw1394/raw1394.h presence
configure:6686: g++ -E  -I /home/alan/bin/TooN/include/  -I/home/alan/bin/libcvd_2009/include conftest.cpp
configure:6692: $? = 0
configure:6706: result: yes
configure:6734: checking for libraw1394/raw1394.h
configure:6742: result: yes
configure:6630: checking libdc1394/dc1394_control.h usability
configure:6647: g++ -c -D_REENTRANT -fomit-frame-pointer -Wall -Wextra -pipe -ggdb -fPIC -mmmx -msse -msse -msse2 -msse3  -I /home/alan/bin/TooN/include/  -I/home/alan/bin/libcvd_2009/include conftest.cpp >&5
conftest.cpp:66:38: fatal error: libdc1394/dc1394_control.h: No such file or directory
compilation terminated.
configure:6653: $? = 1
configure: failed program was:
| /* confdefs.h.  */
| #define PACKAGE_NAME "CVD"
| #define PACKAGE_TARNAME "cvd"
| #define PACKAGE_VERSION "0.7"
| #define PACKAGE_STRING "CVD 0.7"
| #define PACKAGE_BUGREPORT ""
| #define STDC_HEADERS 1
| #define CVD_MAJOR_VERSION 0
| #define CVD_MINOR_VERSION 7
| #define HAVE_SYS_TYPES_H 1
| #define HAVE_SYS_STAT_H 1
| #define HAVE_STDLIB_H 1
| #define HAVE_STRING_H 1
| #define HAVE_MEMORY_H 1
| #define HAVE_STRINGS_H 1
| #define HAVE_INTTYPES_H 1
| #define HAVE_STDINT_H 1
| #define HAVE_UNISTD_H 1
| #define CVD_ARCH_LITTLE_ENDIAN 1
| #define CVD_HAVE_MMX 1
| #define CVD_HAVE_MMXEXT 1
| #define CVD_HAVE_SSE 1
| #define CVD_HAVE_SSE2 1
| #define CVD_HAVE_SSE3 1
| #define SIZEOF_VOIDP 4
| #define CVD_HAVE_INLINE_ASM 1
| #define CVD_HAVE_ASSEMBLER 1
| #define HAVE_DC1394_DC1394_H 1
| #define HAVE_LIBDC1394 1
| #define CVD_HAVE_DC1394V2 1
| #define HAVE_LIBRAW1394_RAW1394_H 1
| /* end confdefs.h.  */
| #include <stdio.h>
| #ifdef HAVE_SYS_TYPES_H
| # include <sys/types.h>
| #endif
| #ifdef HAVE_SYS_STAT_H
| # include <sys/stat.h>
| #endif
| #ifdef STDC_HEADERS
| # include <stdlib.h>
| # include <stddef.h>
| #else
| # ifdef HAVE_STDLIB_H
| #  include <stdlib.h>
| # endif
| #endif
| #ifdef HAVE_STRING_H
| # if !defined STDC_HEADERS && defined HAVE_MEMORY_H
| #  include <memory.h>
| # endif
| # include <string.h>
| #endif
| #ifdef HAVE_STRINGS_H
| # include <strings.h>
| #endif
| #ifdef HAVE_INTTYPES_H
| # include <inttypes.h>
| #endif
| #ifdef HAVE_STDINT_H
| # include <stdint.h>
| #endif
| #ifdef HAVE_UNISTD_H
| # include <unistd.h>
| #endif
| #include <libdc1394/dc1394_control.h>
configure:6667: result: no
configure:6671: checking libdc1394/dc1394_control.h presence
configure:6686: g++ -E  -I /home/alan/bin/TooN/include/  -I/home/alan/bin/libcvd_2009/include conftest.cpp
conftest.cpp:33:38: fatal error: libdc1394/dc1394_control.h: No such file or directory
compilation terminated.
configure:6692: $? = 1
configure: failed program was:
| /* confdefs.h.  */
| #define PACKAGE_NAME "CVD"
| #define PACKAGE_TARNAME "cvd"
| #define PACKAGE_VERSION "0.7"
| #define PACKAGE_STRING "CVD 0.7"
| #define PACKAGE_BUGREPORT ""
| #define STDC_HEADERS 1
| #define CVD_MAJOR_VERSION 0
| #define CVD_MINOR_VERSION 7
| #define HAVE_SYS_TYPES_H 1
| #define HAVE_SYS_STAT_H 1
| #define HAVE_STDLIB_H 1
| #define HAVE_STRING_H 1
| #define HAVE_MEMORY_H 1
| #define HAVE_STRINGS_H 1
| #define HAVE_INTTYPES_H 1
| #define HAVE_STDINT_H 1
| #define HAVE_UNISTD_H 1
| #define CVD_ARCH_LITTLE_ENDIAN 1
| #define CVD_HAVE_MMX 1
| #define CVD_HAVE_MMXEXT 1
| #define CVD_HAVE_SSE 1
| #define CVD_HAVE_SSE2 1
| #define CVD_HAVE_SSE3 1
| #define SIZEOF_VOIDP 4
| #define CVD_HAVE_INLINE_ASM 1
| #define CVD_HAVE_ASSEMBLER 1
| #define HAVE_DC1394_DC1394_H 1
| #define HAVE_LIBDC1394 1
| #define CVD_HAVE_DC1394V2 1
| #define HAVE_LIBRAW1394_RAW1394_H 1
| /* end confdefs.h.  */
| #include <libdc1394/dc1394_control.h>
configure:6706: result: no
configure:6734: checking for libdc1394/dc1394_control.h
configure:6742: result: no
configure:6758: checking for main in -lraw1394
configure:6787: g++ -o conftest -D_REENTRANT -fomit-frame-pointer -Wall -Wextra -pipe -ggdb -fPIC -mmmx -msse -msse -msse2 -msse3  -I /home/alan/bin/TooN/include/  -I/home/alan/bin/libcvd_2009/include  conftest.cpp -lraw1394  -ldc1394  >&5
configure:6793: $? = 0
configure:6811: result: yes
configure:6825: checking for main in -ldc1394_control
configure:6854: g++ -o conftest -D_REENTRANT -fomit-frame-pointer -Wall -Wextra -pipe -ggdb -fPIC -mmmx -msse -msse -msse2 -msse3  -I /home/alan/bin/TooN/include/  -I/home/alan/bin/libcvd_2009/include  conftest.cpp -ldc1394_control  -lraw1394 -ldc1394  >&5
/usr/bin/ld: cannot find -ldc1394_control
collect2: error: ld returned 1 exit status
configure:6860: $? = 1
configure: failed program was:
| /* confdefs.h.  */
| #define PACKAGE_NAME "CVD"
| #define PACKAGE_TARNAME "cvd"
| #define PACKAGE_VERSION "0.7"
| #define PACKAGE_STRING "CVD 0.7"
| #define PACKAGE_BUGREPORT ""
| #define STDC_HEADERS 1
| #define CVD_MAJOR_VERSION 0
| #define CVD_MINOR_VERSION 7
| #define HAVE_SYS_TYPES_H 1
| #define HAVE_SYS_STAT_H 1
| #define HAVE_STDLIB_H 1
| #define HAVE_STRING_H 1
| #define HAVE_MEMORY_H 1
| #define HAVE_STRINGS_H 1
| #define HAVE_INTTYPES_H 1
| #define HAVE_STDINT_H 1
| #define HAVE_UNISTD_H 1
| #define CVD_ARCH_LITTLE_ENDIAN 1
| #define CVD_HAVE_MMX 1
| #define CVD_HAVE_MMXEXT 1
| #define CVD_HAVE_SSE 1
| #define CVD_HAVE_SSE2 1
| #define CVD_HAVE_SSE3 1
| #define SIZEOF_VOIDP 4
| #define CVD_HAVE_INLINE_ASM 1
| #define CVD_HAVE_ASSEMBLER 1
| #define HAVE_DC1394_DC1394_H 1
| #define HAVE_LIBDC1394 1
| #define CVD_HAVE_DC1394V2 1
| #define HAVE_LIBRAW1394_RAW1394_H 1
| #define HAVE_LIBRAW1394 1
| /* end confdefs.h.  */
| 
| 
| int
| main ()
| {
| return main ();
|   ;
|   return 0;
| }
configure:6878: result: no
configure:6970: checking for v4l2
configure:6984: g++ -c -D_REENTRANT -fomit-frame-pointer -Wall -Wextra -pipe -ggdb -fPIC -mmmx -msse -msse -msse2 -msse3  -I /home/alan/bin/TooN/include/  -I/home/alan/bin/libcvd_2009/include conftest.cpp >&5
conftest.cpp: In function 'int main()':
conftest.cpp:4:37: warning: statement has no effect [-Wunused-value]
configure:6990: $? = 0
configure:6995: result: yes
configure:7355: checking kernel major number
configure:7358: result: 3
configure:7365: checking kernel minor number
configure:7368: result: 8
configure:7376: checking kernel release number
configure:7379: result: 0
configure:7707: checking for X
configure:7822: g++ -E  -I /home/alan/bin/TooN/include/  -I/home/alan/bin/libcvd_2009/include conftest.cpp
configure:7828: $? = 0
configure:7877: g++ -o conftest -D_REENTRANT -fomit-frame-pointer -Wall -Wextra -pipe -ggdb -fPIC -mmmx -msse -msse -msse2 -msse3  -I /home/alan/bin/TooN/include/  -I/home/alan/bin/libcvd_2009/include  conftest.cpp -lX11 -ldc1394  >&5
configure:7883: $? = 0
configure:7942: result: libraries , headers 
configure:7959: checking for glDrawPixels in -lGL
configure:7994: g++ -o conftest -D_REENTRANT -fomit-frame-pointer -Wall -Wextra -pipe -ggdb -fPIC -mmmx -msse -msse -msse2 -msse3  -I /home/alan/bin/TooN/include/  -I/home/alan/bin/libcvd_2009/include  conftest.cpp -lGL  -ldc1394  -L -lX11 -lXext >&5
configure:8000: $? = 0
configure:8018: result: yes
configure:8046: checking GL/glu.h usability
configure:8063: g++ -c -D_REENTRANT -fomit-frame-pointer -Wall -Wextra -pipe -ggdb -fPIC -mmmx -msse -msse -msse2 -msse3  -I /home/alan/bin/TooN/include/  -I/home/alan/bin/libcvd_2009/include conftest.cpp >&5
configure:8069: $? = 0
configure:8083: result: yes
configure:8087: checking GL/glu.h presence
configure:8102: g++ -E  -I /home/alan/bin/TooN/include/  -I/home/alan/bin/libcvd_2009/include conftest.cpp
configure:8108: $? = 0
configure:8122: result: yes
configure:8150: checking for GL/glu.h
configure:8158: result: yes
configure:8174: checking for gluGetString in -lGLU
configure:8209: g++ -o conftest -D_REENTRANT -fomit-frame-pointer -Wall -Wextra -pipe -ggdb -fPIC -mmmx -msse -msse -msse2 -msse3  -I /home/alan/bin/TooN/include/  -I/home/alan/bin/libcvd_2009/include  conftest.cpp -lGLU  -lGL -ldc1394  -L -lX11 -lXext >&5
configure:8215: $? = 0
configure:8233: result: yes
configure:8283: checking for tr1::shared_ptr
configure:8295: g++ -c -D_REENTRANT -fomit-frame-pointer -Wall -Wextra -pipe -ggdb -fPIC -mmmx -msse -msse -msse2 -msse3  -I /home/alan/bin/TooN/include/  -I/home/alan/bin/libcvd_2009/include conftest.cpp >&5
configure:8301: $? = 0
configure:8306: result: yes
configure:8356: checking for TooN
configure:8368: g++ -c -D_REENTRANT -fomit-frame-pointer -Wall -Wextra -pipe -ggdb -fPIC -mmmx -msse -msse -msse2 -msse3  -I /home/alan/bin/TooN/include/  -I/home/alan/bin/libcvd_2009/include conftest.cpp >&5
In file included from /home/alan/bin/TooN/include/TooN/TooN.h:84:0,
                 from conftest.cpp:1:
/home/alan/bin/TooN/include/TooN/internal/allocator.hh: In instantiation of 'TooN::Internal::StackOrHeap<Size, double, false>::StackOrHeap() [with int Size = 1]':
/home/alan/bin/TooN/include/TooN/internal/allocator.hh:102:43:   required from 'TooN::Internal::VectorAlloc<Size, Precision>::VectorAlloc() [with int Size = 1; Precision = double]'
/home/alan/bin/TooN/include/TooN/internal/vbase.hh:97:16:   required from 'TooN::Internal::GenericVBase<Size, Precision, Stride, Mem>::GenericVBase() [with int Size = 1; Precision = double; int Stride = 1; Mem = TooN::Internal::VectorAlloc<1, double>]'
/home/alan/bin/TooN/include/TooN/internal/vbase.hh:73:12:   required from 'TooN::Internal::VBase::VLayout<Size, Precision>::VLayout() [with int Size = 1; Precision = double]'
/home/alan/bin/TooN/include/TooN/internal/vector.hh:142:17:   required from 'TooN::Vector<Size, Precision, Base>::Vector() [with int Size = 1; Precision = double; Base = TooN::Internal::VBase]'
/home/alan/bin/TooN/include/TooN/internal/make_vector.hh:5:13:   required from here
/home/alan/bin/TooN/include/TooN/internal/allocator.hh:69:3: error: 'debug_initialize' was not declared in this scope, and no declarations were found by argument-dependent lookup at the point of instantiation [-fpermissive]
In file included from /home/alan/bin/TooN/include/TooN/TooN.h:88:0,
                 from conftest.cpp:1:
/home/alan/bin/TooN/include/TooN/internal/debug.hh:94:33: note: 'template<class P> void TooN::Internal::debug_initialize(P*, int)' declared here, later in the translation unit
In file included from /home/alan/bin/TooN/include/TooN/TooN.h:84:0,
                 from conftest.cpp:1:
/home/alan/bin/TooN/include/TooN/internal/allocator.hh: In instantiation of 'TooN::Internal::StackOrHeap<Size, double, false>::StackOrHeap() [with int Size = 2]':
/home/alan/bin/TooN/include/TooN/internal/allocator.hh:102:43:   required from 'TooN::Internal::VectorAlloc<Size, Precision>::VectorAlloc() [with int Size = 2; Precision = double]'
/home/alan/bin/TooN/include/TooN/internal/vbase.hh:97:16:   required from 'TooN::Internal::GenericVBase<Size, Precision, Stride, Mem>::GenericVBase() [with int Size = 2; Precision = double; int Stride = 1; Mem = TooN::Internal::VectorAlloc<2, double>]'
/home/alan/bin/TooN/include/TooN/internal/vbase.hh:73:12:   required from 'TooN::Internal::VBase::VLayout<Size, Precision>::VLayout() [with int Size = 2; Precision = double]'
/home/alan/bin/TooN/include/TooN/internal/vector.hh:142:17:   required from 'TooN::Vector<Size, Precision, Base>::Vector() [with int Size = 2; Precision = double; Base = TooN::Internal::VBase]'
/home/alan/bin/TooN/include/TooN/internal/make_vector.hh:15:13:   required from here
/home/alan/bin/TooN/include/TooN/internal/allocator.hh:69:3: error: 'debug_initialize' was not declared in this scope, and no declarations were found by argument-dependent lookup at the point of instantiation [-fpermissive]
In file included from /home/alan/bin/TooN/include/TooN/TooN.h:88:0,
                 from conftest.cpp:1:
/home/alan/bin/TooN/include/TooN/internal/debug.hh:94:33: note: 'template<class P> void TooN::Internal::debug_initialize(P*, int)' declared here, later in the translation unit
In file included from /home/alan/bin/TooN/include/TooN/TooN.h:84:0,
                 from conftest.cpp:1:
/home/alan/bin/TooN/include/TooN/internal/allocator.hh: In instantiation of 'TooN::Internal::StackOrHeap<Size, double, false>::StackOrHeap() [with int Size = 3]':
/home/alan/bin/TooN/include/TooN/internal/allocator.hh:102:43:   required from 'TooN::Internal::VectorAlloc<Size, Precision>::VectorAlloc() [with int Size = 3; Precision = double]'
/home/alan/bin/TooN/include/TooN/internal/vbase.hh:97:16:   required from 'TooN::Internal::GenericVBase<Size, Precision, Stride, Mem>::GenericVBase() [with int Size = 3; Precision = double; int Stride = 1; Mem = TooN::Internal::VectorAlloc<3, double>]'
/home/alan/bin/TooN/include/TooN/internal/vbase.hh:73:12:   required from 'TooN::Internal::VBase::VLayout<Size, Precision>::VLayout() [with int Size = 3; Precision = double]'
/home/alan/bin/TooN/include/TooN/internal/vector.hh:142:17:   required from 'TooN::Vector<Size, Precision, Base>::Vector() [with int Size = 3; Precision = double; Base = TooN::Internal::VBase]'
/home/alan/bin/TooN/include/TooN/internal/make_vector.hh:27:13:   required from here
/home/alan/bin/TooN/include/TooN/internal/allocator.hh:69:3: error: 'debug_initialize' was not declared in this scope, and no declarations were found by argument-dependent lookup at the point of instantiation [-fpermissive]
In file included from /home/alan/bin/TooN/include/TooN/TooN.h:88:0,
                 from conftest.cpp:1:
/home/alan/bin/TooN/include/TooN/internal/debug.hh:94:33: note: 'template<class P> void TooN::Internal::debug_initialize(P*, int)' declared here, later in the translation unit
In file included from /home/alan/bin/TooN/include/TooN/TooN.h:84:0,
                 from conftest.cpp:1:
/home/alan/bin/TooN/include/TooN/internal/allocator.hh: In instantiation of 'TooN::Internal::StackOrHeap<Size, double, false>::StackOrHeap() [with int Size = 4]':
/home/alan/bin/TooN/include/TooN/internal/allocator.hh:102:43:   required from 'TooN::Internal::VectorAlloc<Size, Precision>::VectorAlloc() [with int Size = 4; Precision = double]'
/home/alan/bin/TooN/include/TooN/internal/vbase.hh:97:16:   required from 'TooN::Internal::GenericVBase<Size, Precision, Stride, Mem>::GenericVBase() [with int Size = 4; Precision = double; int Stride = 1; Mem = TooN::Internal::VectorAlloc<4, double>]'
/home/alan/bin/TooN/include/TooN/internal/vbase.hh:73:12:   required from 'TooN::Internal::VBase::VLayout<Size, Precision>::VLayout() [with int Size = 4; Precision = double]'
/home/alan/bin/TooN/include/TooN/internal/vector.hh:142:17:   required from 'TooN::Vector<Size, Precision, Base>::Vector() [with int Size = 4; Precision = double; Base = TooN::Internal::VBase]'
/home/alan/bin/TooN/include/TooN/internal/make_vector.hh:41:13:   required from here
/home/alan/bin/TooN/include/TooN/internal/allocator.hh:69:3: error: 'debug_initialize' was not declared in this scope, and no declarations were found by argument-dependent lookup at the point of instantiation [-fpermissive]
In file included from /home/alan/bin/TooN/include/TooN/TooN.h:88:0,
                 from conftest.cpp:1:
/home/alan/bin/TooN/include/TooN/internal/debug.hh:94:33: note: 'template<class P> void TooN::Internal::debug_initialize(P*, int)' declared here, later in the translation unit
In file included from /home/alan/bin/TooN/include/TooN/TooN.h:84:0,
                 from conftest.cpp:1:
/home/alan/bin/TooN/include/TooN/internal/allocator.hh: In instantiation of 'TooN::Internal::StackOrHeap<Size, double, false>::StackOrHeap() [with int Size = 5]':
/home/alan/bin/TooN/include/TooN/internal/allocator.hh:102:43:   required from 'TooN::Internal::VectorAlloc<Size, Precision>::VectorAlloc() [with int Size = 5; Precision = double]'
/home/alan/bin/TooN/include/TooN/internal/vbase.hh:97:16:   required from 'TooN::Internal::GenericVBase<Size, Precision, Stride, Mem>::GenericVBase() [with int Size = 5; Precision = double; int Stride = 1; Mem = TooN::Internal::VectorAlloc<5, double>]'
/home/alan/bin/TooN/include/TooN/internal/vbase.hh:73:12:   required from 'TooN::Internal::VBase::VLayout<Size, Precision>::VLayout() [with int Size = 5; Precision = double]'
/home/alan/bin/TooN/include/TooN/internal/vector.hh:142:17:   required from 'TooN::Vector<Size, Precision, Base>::Vector() [with int Size = 5; Precision = double; Base = TooN::Internal::VBase]'
/home/alan/bin/TooN/include/TooN/internal/make_vector.hh:57:13:   required from here
/home/alan/bin/TooN/include/TooN/internal/allocator.hh:69:3: error: 'debug_initialize' was not declared in this scope, and no declarations were found by argument-dependent lookup at the point of instantiation [-fpermissive]
In file included from /home/alan/bin/TooN/include/TooN/TooN.h:88:0,
                 from conftest.cpp:1:
/home/alan/bin/TooN/include/TooN/internal/debug.hh:94:33: note: 'template<class P> void TooN::Internal::debug_initialize(P*, int)' declared here, later in the translation unit
In file included from /home/alan/bin/TooN/include/TooN/TooN.h:84:0,
                 from conftest.cpp:1:
/home/alan/bin/TooN/include/TooN/internal/allocator.hh: In instantiation of 'TooN::Internal::StackOrHeap<Size, double, false>::StackOrHeap() [with int Size = 6]':
/home/alan/bin/TooN/include/TooN/internal/allocator.hh:102:43:   required from 'TooN::Internal::VectorAlloc<Size, Precision>::VectorAlloc() [with int Size = 6; Precision = double]'
/home/alan/bin/TooN/include/TooN/internal/vbase.hh:97:16:   required from 'TooN::Internal::GenericVBase<Size, Precision, Stride, Mem>::GenericVBase() [with int Size = 6; Precision = double; int Stride = 1; Mem = TooN::Internal::VectorAlloc<6, double>]'
/home/alan/bin/TooN/include/TooN/internal/vbase.hh:73:12:   required from 'TooN::Internal::VBase::VLayout<Size, Precision>::VLayout() [with int Size = 6; Precision = double]'
/home/alan/bin/TooN/include/TooN/internal/vector.hh:142:17:   required from 'TooN::Vector<Size, Precision, Base>::Vector() [with int Size = 6; Precision = double; Base = TooN::Internal::VBase]'
/home/alan/bin/TooN/include/TooN/internal/make_vector.hh:75:13:   required from here
/home/alan/bin/TooN/include/TooN/internal/allocator.hh:69:3: error: 'debug_initialize' was not declared in this scope, and no declarations were found by argument-dependent lookup at the point of instantiation [-fpermissive]
In file included from /home/alan/bin/TooN/include/TooN/TooN.h:88:0,
                 from conftest.cpp:1:
/home/alan/bin/TooN/include/TooN/internal/debug.hh:94:33: note: 'template<class P> void TooN::Internal::debug_initialize(P*, int)' declared here, later in the translation unit
In file included from /home/alan/bin/TooN/include/TooN/TooN.h:84:0,
                 from conftest.cpp:1:
/home/alan/bin/TooN/include/TooN/internal/allocator.hh: In instantiation of 'TooN::Internal::StackOrHeap<Size, double, false>::StackOrHeap() [with int Size = 7]':
/home/alan/bin/TooN/include/TooN/internal/allocator.hh:102:43:   required from 'TooN::Internal::VectorAlloc<Size, Precision>::VectorAlloc() [with int Size = 7; Precision = double]'
/home/alan/bin/TooN/include/TooN/internal/vbase.hh:97:16:   required from 'TooN::Internal::GenericVBase<Size, Precision, Stride, Mem>::GenericVBase() [with int Size = 7; Precision = double; int Stride = 1; Mem = TooN::Internal::VectorAlloc<7, double>]'
/home/alan/bin/TooN/include/TooN/internal/vbase.hh:73:12:   required from 'TooN::Internal::VBase::VLayout<Size, Precision>::VLayout() [with int Size = 7; Precision = double]'
/home/alan/bin/TooN/include/TooN/internal/vector.hh:142:17:   required from 'TooN::Vector<Size, Precision, Base>::Vector() [with int Size = 7; Precision = double; Base = TooN::Internal::VBase]'
/home/alan/bin/TooN/include/TooN/internal/make_vector.hh:95:13:   required from here
/home/alan/bin/TooN/include/TooN/internal/allocator.hh:69:3: error: 'debug_initialize' was not declared in this scope, and no declarations were found by argument-dependent lookup at the point of instantiation [-fpermissive]
In file included from /home/alan/bin/TooN/include/TooN/TooN.h:88:0,
                 from conftest.cpp:1:
/home/alan/bin/TooN/include/TooN/internal/debug.hh:94:33: note: 'template<class P> void TooN::Internal::debug_initialize(P*, int)' declared here, later in the translation unit
In file included from /home/alan/bin/TooN/include/TooN/TooN.h:84:0,
                 from conftest.cpp:1:
/home/alan/bin/TooN/include/TooN/internal/allocator.hh: In instantiation of 'TooN::Internal::StackOrHeap<Size, double, false>::StackOrHeap() [with int Size = 8]':
/home/alan/bin/TooN/include/TooN/internal/allocator.hh:102:43:   required from 'TooN::Internal::VectorAlloc<Size, Precision>::VectorAlloc() [with int Size = 8; Precision = double]'
/home/alan/bin/TooN/include/TooN/internal/vbase.hh:97:16:   required from 'TooN::Internal::GenericVBase<Size, Precision, Stride, Mem>::GenericVBase() [with int Size = 8; Precision = double; int Stride = 1; Mem = TooN::Internal::VectorAlloc<8, double>]'
/home/alan/bin/TooN/include/TooN/internal/vbase.hh:73:12:   required from 'TooN::Internal::VBase::VLayout<Size, Precision>::VLayout() [with int Size = 8; Precision = double]'
/home/alan/bin/TooN/include/TooN/internal/vector.hh:142:17:   required from 'TooN::Vector<Size, Precision, Base>::Vector() [with int Size = 8; Precision = double; Base = TooN::Internal::VBase]'
/home/alan/bin/TooN/include/TooN/internal/make_vector.hh:117:13:   required from here
/home/alan/bin/TooN/include/TooN/internal/allocator.hh:69:3: error: 'debug_initialize' was not declared in this scope, and no declarations were found by argument-dependent lookup at the point of instantiation [-fpermissive]
In file included from /home/alan/bin/TooN/include/TooN/TooN.h:88:0,
                 from conftest.cpp:1:
/home/alan/bin/TooN/include/TooN/internal/debug.hh:94:33: note: 'template<class P> void TooN::Internal::debug_initialize(P*, int)' declared here, later in the translation unit
In file included from /home/alan/bin/TooN/include/TooN/TooN.h:84:0,
                 from conftest.cpp:1:
/home/alan/bin/TooN/include/TooN/internal/allocator.hh: In instantiation of 'TooN::Internal::StackOrHeap<Size, double, false>::StackOrHeap() [with int Size = 9]':
/home/alan/bin/TooN/include/TooN/internal/allocator.hh:102:43:   required from 'TooN::Internal::VectorAlloc<Size, Precision>::VectorAlloc() [with int Size = 9; Precision = double]'
/home/alan/bin/TooN/include/TooN/internal/vbase.hh:97:16:   required from 'TooN::Internal::GenericVBase<Size, Precision, Stride, Mem>::GenericVBase() [with int Size = 9; Precision = double; int Stride = 1; Mem = TooN::Internal::VectorAlloc<9, double>]'
/home/alan/bin/TooN/include/TooN/internal/vbase.hh:73:12:   required from 'TooN::Internal::VBase::VLayout<Size, Precision>::VLayout() [with int Size = 9; Precision = double]'
/home/alan/bin/TooN/include/TooN/internal/vector.hh:142:17:   required from 'TooN::Vector<Size, Precision, Base>::Vector() [with int Size = 9; Precision = double; Base = TooN::Internal::VBase]'
/home/alan/bin/TooN/include/TooN/internal/make_vector.hh:141:13:   required from here
/home/alan/bin/TooN/include/TooN/internal/allocator.hh:69:3: error: 'debug_initialize' was not declared in this scope, and no declarations were found by argument-dependent lookup at the point of instantiation [-fpermissive]
In file included from /home/alan/bin/TooN/include/TooN/TooN.h:88:0,
                 from conftest.cpp:1:
/home/alan/bin/TooN/include/TooN/internal/debug.hh:94:33: note: 'template<class P> void TooN::Internal::debug_initialize(P*, int)' declared here, later in the translation unit
In file included from /home/alan/bin/TooN/include/TooN/TooN.h:84:0,
                 from conftest.cpp:1:
/home/alan/bin/TooN/include/TooN/internal/allocator.hh: In instantiation of 'TooN::Internal::StackOrHeap<Size, double, false>::StackOrHeap() [with int Size = 10]':
/home/alan/bin/TooN/include/TooN/internal/allocator.hh:102:43:   required from 'TooN::Internal::VectorAlloc<Size, Precision>::VectorAlloc() [with int Size = 10; Precision = double]'
/home/alan/bin/TooN/include/TooN/internal/vbase.hh:97:16:   required from 'TooN::Internal::GenericVBase<Size, Precision, Stride, Mem>::GenericVBase() [with int Size = 10; Precision = double; int Stride = 1; Mem = TooN::Internal::VectorAlloc<10, double>]'
/home/alan/bin/TooN/include/TooN/internal/vbase.hh:73:12:   required from 'TooN::Internal::VBase::VLayout<Size, Precision>::VLayout() [with int Size = 10; Precision = double]'
/home/alan/bin/TooN/include/TooN/internal/vector.hh:142:17:   required from 'TooN::Vector<Size, Precision, Base>::Vector() [with int Size = 10; Precision = double; Base = TooN::Internal::VBase]'
/home/alan/bin/TooN/include/TooN/internal/make_vector.hh:167:14:   required from here
/home/alan/bin/TooN/include/TooN/internal/allocator.hh:69:3: error: 'debug_initialize' was not declared in this scope, and no declarations were found by argument-dependent lookup at the point of instantiation [-fpermissive]
In file included from /home/alan/bin/TooN/include/TooN/TooN.h:88:0,
                 from conftest.cpp:1:
/home/alan/bin/TooN/include/TooN/internal/debug.hh:94:33: note: 'template<class P> void TooN::Internal::debug_initialize(P*, int)' declared here, later in the translation unit
In file included from /home/alan/bin/TooN/include/TooN/TooN.h:84:0,
                 from conftest.cpp:1:
/home/alan/bin/TooN/include/TooN/internal/allocator.hh: In instantiation of 'TooN::Internal::StackOrHeap<Size, double, false>::StackOrHeap() [with int Size = 11]':
/home/alan/bin/TooN/include/TooN/internal/allocator.hh:102:43:   required from 'TooN::Internal::VectorAlloc<Size, Precision>::VectorAlloc() [with int Size = 11; Precision = double]'
/home/alan/bin/TooN/include/TooN/internal/vbase.hh:97:16:   required from 'TooN::Internal::GenericVBase<Size, Precision, Stride, Mem>::GenericVBase() [with int Size = 11; Precision = double; int Stride = 1; Mem = TooN::Internal::VectorAlloc<11, double>]'
/home/alan/bin/TooN/include/TooN/internal/vbase.hh:73:12:   required from 'TooN::Internal::VBase::VLayout<Size, Precision>::VLayout() [with int Size = 11; Precision = double]'
/home/alan/bin/TooN/include/TooN/internal/vector.hh:142:17:   required from 'TooN::Vector<Size, Precision, Base>::Vector() [with int Size = 11; Precision = double; Base = TooN::Internal::VBase]'
/home/alan/bin/TooN/include/TooN/internal/make_vector.hh:195:14:   required from here
/home/alan/bin/TooN/include/TooN/internal/allocator.hh:69:3: error: 'debug_initialize' was not declared in this scope, and no declarations were found by argument-dependent lookup at the point of instantiation [-fpermissive]
In file included from /home/alan/bin/TooN/include/TooN/TooN.h:88:0,
                 from conftest.cpp:1:
/home/alan/bin/TooN/include/TooN/internal/debug.hh:94:33: note: 'template<class P> void TooN::Internal::debug_initialize(P*, int)' declared here, later in the translation unit
In file included from /home/alan/bin/TooN/include/TooN/TooN.h:84:0,
                 from conftest.cpp:1:
/home/alan/bin/TooN/include/TooN/internal/allocator.hh: In instantiation of 'TooN::Internal::StackOrHeap<Size, double, false>::StackOrHeap() [with int Size = 12]':
/home/alan/bin/TooN/include/TooN/internal/allocator.hh:102:43:   required from 'TooN::Internal::VectorAlloc<Size, Precision>::VectorAlloc() [with int Size = 12; Precision = double]'
/home/alan/bin/TooN/include/TooN/internal/vbase.hh:97:16:   required from 'TooN::Internal::GenericVBase<Size, Precision, Stride, Mem>::GenericVBase() [with int Size = 12; Precision = double; int Stride = 1; Mem = TooN::Internal::VectorAlloc<12, double>]'
/home/alan/bin/TooN/include/TooN/internal/vbase.hh:73:12:   required from 'TooN::Internal::VBase::VLayout<Size, Precision>::VLayout() [with int Size = 12; Precision = double]'
/home/alan/bin/TooN/include/TooN/internal/vector.hh:142:17:   required from 'TooN::Vector<Size, Precision, Base>::Vector() [with int Size = 12; Precision = double; Base = TooN::Internal::VBase]'
/home/alan/bin/TooN/include/TooN/internal/make_vector.hh:225:14:   required from here
/home/alan/bin/TooN/include/TooN/internal/allocator.hh:69:3: error: 'debug_initialize' was not declared in this scope, and no declarations were found by argument-dependent lookup at the point of instantiation [-fpermissive]
In file included from /home/alan/bin/TooN/include/TooN/TooN.h:88:0,
                 from conftest.cpp:1:
/home/alan/bin/TooN/include/TooN/internal/debug.hh:94:33: note: 'template<class P> void TooN::Internal::debug_initialize(P*, int)' declared here, later in the translation unit
In file included from /home/alan/bin/TooN/include/TooN/TooN.h:84:0,
                 from conftest.cpp:1:
/home/alan/bin/TooN/include/TooN/internal/allocator.hh: In instantiation of 'TooN::Internal::StackOrHeap<Size, double, false>::StackOrHeap() [with int Size = 13]':
/home/alan/bin/TooN/include/TooN/internal/allocator.hh:102:43:   required from 'TooN::Internal::VectorAlloc<Size, Precision>::VectorAlloc() [with int Size = 13; Precision = double]'
/home/alan/bin/TooN/include/TooN/internal/vbase.hh:97:16:   required from 'TooN::Internal::GenericVBase<Size, Precision, Stride, Mem>::GenericVBase() [with int Size = 13; Precision = double; int Stride = 1; Mem = TooN::Internal::VectorAlloc<13, double>]'
/home/alan/bin/TooN/include/TooN/internal/vbase.hh:73:12:   required from 'TooN::Internal::VBase::VLayout<Size, Precision>::VLayout() [with int Size = 13; Precision = double]'
/home/alan/bin/TooN/include/TooN/internal/vector.hh:142:17:   required from 'TooN::Vector<Size, Precision, Base>::Vector() [with int Size = 13; Precision = double; Base = TooN::Internal::VBase]'
/home/alan/bin/TooN/include/TooN/internal/make_vector.hh:257:14:   required from here
/home/alan/bin/TooN/include/TooN/internal/allocator.hh:69:3: error: 'debug_initialize' was not declared in this scope, and no declarations were found by argument-dependent lookup at the point of instantiation [-fpermissive]
In file included from /home/alan/bin/TooN/include/TooN/TooN.h:88:0,
                 from conftest.cpp:1:
/home/alan/bin/TooN/include/TooN/internal/debug.hh:94:33: note: 'template<class P> void TooN::Internal::debug_initialize(P*, int)' declared here, later in the translation unit
In file included from /home/alan/bin/TooN/include/TooN/TooN.h:84:0,
                 from conftest.cpp:1:
/home/alan/bin/TooN/include/TooN/internal/allocator.hh: In instantiation of 'TooN::Internal::StackOrHeap<Size, double, false>::StackOrHeap() [with int Size = 14]':
/home/alan/bin/TooN/include/TooN/internal/allocator.hh:102:43:   required from 'TooN::Internal::VectorAlloc<Size, Precision>::VectorAlloc() [with int Size = 14; Precision = double]'
/home/alan/bin/TooN/include/TooN/internal/vbase.hh:97:16:   required from 'TooN::Internal::GenericVBase<Size, Precision, Stride, Mem>::GenericVBase() [with int Size = 14; Precision = double; int Stride = 1; Mem = TooN::Internal::VectorAlloc<14, double>]'
/home/alan/bin/TooN/include/TooN/internal/vbase.hh:73:12:   required from 'TooN::Internal::VBase::VLayout<Size, Precision>::VLayout() [with int Size = 14; Precision = double]'
/home/alan/bin/TooN/include/TooN/internal/vector.hh:142:17:   required from 'TooN::Vector<Size, Precision, Base>::Vector() [with int Size = 14; Precision = double; Base = TooN::Internal::VBase]'
/home/alan/bin/TooN/include/TooN/internal/make_vector.hh:291:14:   required from here
/home/alan/bin/TooN/include/TooN/internal/allocator.hh:69:3: error: 'debug_initialize' was not declared in this scope, and no declarations were found by argument-dependent lookup at the point of instantiation [-fpermissive]
In file included from /home/alan/bin/TooN/include/TooN/TooN.h:88:0,
                 from conftest.cpp:1:
/home/alan/bin/TooN/include/TooN/internal/debug.hh:94:33: note: 'template<class P> void TooN::Internal::debug_initialize(P*, int)' declared here, later in the translation unit
In file included from /home/alan/bin/TooN/include/TooN/TooN.h:84:0,
                 from conftest.cpp:1:
/home/alan/bin/TooN/include/TooN/internal/allocator.hh: In instantiation of 'TooN::Internal::StackOrHeap<Size, double, false>::StackOrHeap() [with int Size = 15]':
/home/alan/bin/TooN/include/TooN/internal/allocator.hh:102:43:   required from 'TooN::Internal::VectorAlloc<Size, Precision>::VectorAlloc() [with int Size = 15; Precision = double]'
/home/alan/bin/TooN/include/TooN/internal/vbase.hh:97:16:   required from 'TooN::Internal::GenericVBase<Size, Precision, Stride, Mem>::GenericVBase() [with int Size = 15; Precision = double; int Stride = 1; Mem = TooN::Internal::VectorAlloc<15, double>]'
/home/alan/bin/TooN/include/TooN/internal/vbase.hh:73:12:   required from 'TooN::Internal::VBase::VLayout<Size, Precision>::VLayout() [with int Size = 15; Precision = double]'
/home/alan/bin/TooN/include/TooN/internal/vector.hh:142:17:   required from 'TooN::Vector<Size, Precision, Base>::Vector() [with int Size = 15; Precision = double; Base = TooN::Internal::VBase]'
/home/alan/bin/TooN/include/TooN/internal/make_vector.hh:327:14:   required from here
/home/alan/bin/TooN/include/TooN/internal/allocator.hh:69:3: error: 'debug_initialize' was not declared in this scope, and no declarations were found by argument-dependent lookup at the point of instantiation [-fpermissive]
In file included from /home/alan/bin/TooN/include/TooN/TooN.h:88:0,
                 from conftest.cpp:1:
/home/alan/bin/TooN/include/TooN/internal/debug.hh:94:33: note: 'template<class P> void TooN::Internal::debug_initialize(P*, int)' declared here, later in the translation unit
In file included from /home/alan/bin/TooN/include/TooN/TooN.h:84:0,
                 from conftest.cpp:1:
/home/alan/bin/TooN/include/TooN/internal/allocator.hh: In instantiation of 'TooN::Internal::StackOrHeap<Size, double, false>::StackOrHeap() [with int Size = 16]':
/home/alan/bin/TooN/include/TooN/internal/allocator.hh:102:43:   required from 'TooN::Internal::VectorAlloc<Size, Precision>::VectorAlloc() [with int Size = 16; Precision = double]'
/home/alan/bin/TooN/include/TooN/internal/vbase.hh:97:16:   required from 'TooN::Internal::GenericVBase<Size, Precision, Stride, Mem>::GenericVBase() [with int Size = 16; Precision = double; int Stride = 1; Mem = TooN::Internal::VectorAlloc<16, double>]'
/home/alan/bin/TooN/include/TooN/internal/vbase.hh:73:12:   required from 'TooN::Internal::VBase::VLayout<Size, Precision>::VLayout() [with int Size = 16; Precision = double]'
/home/alan/bin/TooN/include/TooN/internal/vector.hh:142:17:   required from 'TooN::Vector<Size, Precision, Base>::Vector() [with int Size = 16; Precision = double; Base = TooN::Internal::VBase]'
/home/alan/bin/TooN/include/TooN/internal/make_vector.hh:365:14:   required from here
/home/alan/bin/TooN/include/TooN/internal/allocator.hh:69:3: error: 'debug_initialize' was not declared in this scope, and no declarations were found by argument-dependent lookup at the point of instantiation [-fpermissive]
In file included from /home/alan/bin/TooN/include/TooN/TooN.h:88:0,
                 from conftest.cpp:1:
/home/alan/bin/TooN/include/TooN/internal/debug.hh:94:33: note: 'template<class P> void TooN::Internal::debug_initialize(P*, int)' declared here, later in the translation unit
In file included from /home/alan/bin/TooN/include/TooN/TooN.h:84:0,
                 from conftest.cpp:1:
/home/alan/bin/TooN/include/TooN/internal/allocator.hh: In instantiation of 'TooN::Internal::StackOrHeap<Size, double, false>::StackOrHeap() [with int Size = 17]':
/home/alan/bin/TooN/include/TooN/internal/allocator.hh:102:43:   required from 'TooN::Internal::VectorAlloc<Size, Precision>::VectorAlloc() [with int Size = 17; Precision = double]'
/home/alan/bin/TooN/include/TooN/internal/vbase.hh:97:16:   required from 'TooN::Internal::GenericVBase<Size, Precision, Stride, Mem>::GenericVBase() [with int Size = 17; Precision = double; int Stride = 1; Mem = TooN::Internal::VectorAlloc<17, double>]'
/home/alan/bin/TooN/include/TooN/internal/vbase.hh:73:12:   required from 'TooN::Internal::VBase::VLayout<Size, Precision>::VLayout() [with int Size = 17; Precision = double]'
/home/alan/bin/TooN/include/TooN/internal/vector.hh:142:17:   required from 'TooN::Vector<Size, Precision, Base>::Vector() [with int Size = 17; Precision = double; Base = TooN::Internal::VBase]'
/home/alan/bin/TooN/include/TooN/internal/make_vector.hh:405:14:   required from here
/home/alan/bin/TooN/include/TooN/internal/allocator.hh:69:3: error: 'debug_initialize' was not declared in this scope, and no declarations were found by argument-dependent lookup at the point of instantiation [-fpermissive]
In file included from /home/alan/bin/TooN/include/TooN/TooN.h:88:0,
                 from conftest.cpp:1:
/home/alan/bin/TooN/include/TooN/internal/debug.hh:94:33: note: 'template<class P> void TooN::Internal::debug_initialize(P*, int)' declared here, later in the translation unit
In file included from /home/alan/bin/TooN/include/TooN/TooN.h:84:0,
                 from conftest.cpp:1:
/home/alan/bin/TooN/include/TooN/internal/allocator.hh: In instantiation of 'TooN::Internal::StackOrHeap<Size, double, false>::StackOrHeap() [with int Size = 18]':
/home/alan/bin/TooN/include/TooN/internal/allocator.hh:102:43:   required from 'TooN::Internal::VectorAlloc<Size, Precision>::VectorAlloc() [with int Size = 18; Precision = double]'
/home/alan/bin/TooN/include/TooN/internal/vbase.hh:97:16:   required from 'TooN::Internal::GenericVBase<Size, Precision, Stride, Mem>::GenericVBase() [with int Size = 18; Precision = double; int Stride = 1; Mem = TooN::Internal::VectorAlloc<18, double>]'
/home/alan/bin/TooN/include/TooN/internal/vbase.hh:73:12:   required from 'TooN::Internal::VBase::VLayout<Size, Precision>::VLayout() [with int Size = 18; Precision = double]'
/home/alan/bin/TooN/include/TooN/internal/vector.hh:142:17:   required from 'TooN::Vector<Size, Precision, Base>::Vector() [with int Size = 18; Precision = double; Base = TooN::Internal::VBase]'
/home/alan/bin/TooN/include/TooN/internal/make_vector.hh:447:14:   required from here
/home/alan/bin/TooN/include/TooN/internal/allocator.hh:69:3: error: 'debug_initialize' was not declared in this scope, and no declarations were found by argument-dependent lookup at the point of instantiation [-fpermissive]
In file included from /home/alan/bin/TooN/include/TooN/TooN.h:88:0,
                 from conftest.cpp:1:
/home/alan/bin/TooN/include/TooN/internal/debug.hh:94:33: note: 'template<class P> void TooN::Internal::debug_initialize(P*, int)' declared here, later in the translation unit
In file included from /home/alan/bin/TooN/include/TooN/TooN.h:84:0,
                 from conftest.cpp:1:
/home/alan/bin/TooN/include/TooN/internal/allocator.hh: In instantiation of 'TooN::Internal::StackOrHeap<Size, double, false>::StackOrHeap() [with int Size = 19]':
/home/alan/bin/TooN/include/TooN/internal/allocator.hh:102:43:   required from 'TooN::Internal::VectorAlloc<Size, Precision>::VectorAlloc() [with int Size = 19; Precision = double]'
/home/alan/bin/TooN/include/TooN/internal/vbase.hh:97:16:   required from 'TooN::Internal::GenericVBase<Size, Precision, Stride, Mem>::GenericVBase() [with int Size = 19; Precision = double; int Stride = 1; Mem = TooN::Internal::VectorAlloc<19, double>]'
/home/alan/bin/TooN/include/TooN/internal/vbase.hh:73:12:   required from 'TooN::Internal::VBase::VLayout<Size, Precision>::VLayout() [with int Size = 19; Precision = double]'
/home/alan/bin/TooN/include/TooN/internal/vector.hh:142:17:   required from 'TooN::Vector<Size, Precision, Base>::Vector() [with int Size = 19; Precision = double; Base = TooN::Internal::VBase]'
/home/alan/bin/TooN/include/TooN/internal/make_vector.hh:491:14:   required from here
/home/alan/bin/TooN/include/TooN/internal/allocator.hh:69:3: error: 'debug_initialize' was not declared in this scope, and no declarations were found by argument-dependent lookup at the point of instantiation [-fpermissive]
In file included from /home/alan/bin/TooN/include/TooN/TooN.h:88:0,
                 from conftest.cpp:1:
/home/alan/bin/TooN/include/TooN/internal/debug.hh:94:33: note: 'template<class P> void TooN::Internal::debug_initialize(P*, int)' declared here, later in the translation unit
In file included from /home/alan/bin/TooN/include/TooN/TooN.h:84:0,
                 from conftest.cpp:1:
/home/alan/bin/TooN/include/TooN/internal/allocator.hh: In instantiation of 'TooN::Internal::StackOrHeap<Size, double, false>::StackOrHeap() [with int Size = 20]':
/home/alan/bin/TooN/include/TooN/internal/allocator.hh:102:43:   required from 'TooN::Internal::VectorAlloc<Size, Precision>::VectorAlloc() [with int Size = 20; Precision = double]'
/home/alan/bin/TooN/include/TooN/internal/vbase.hh:97:16:   required from 'TooN::Internal::GenericVBase<Size, Precision, Stride, Mem>::GenericVBase() [with int Size = 20; Precision = double; int Stride = 1; Mem = TooN::Internal::VectorAlloc<20, double>]'
/home/alan/bin/TooN/include/TooN/internal/vbase.hh:73:12:   required from 'TooN::Internal::VBase::VLayout<Size, Precision>::VLayout() [with int Size = 20; Precision = double]'
/home/alan/bin/TooN/include/TooN/internal/vector.hh:142:17:   required from 'TooN::Vector<Size, Precision, Base>::Vector() [with int Size = 20; Precision = double; Base = TooN::Internal::VBase]'
/home/alan/bin/TooN/include/TooN/internal/make_vector.hh:537:14:   required from here
/home/alan/bin/TooN/include/TooN/internal/allocator.hh:69:3: error: 'debug_initialize' was not declared in this scope, and no declarations were found by argument-dependent lookup at the point of instantiation [-fpermissive]
In file included from /home/alan/bin/TooN/include/TooN/TooN.h:88:0,
                 from conftest.cpp:1:
/home/alan/bin/TooN/include/TooN/internal/debug.hh:94:33: note: 'template<class P> void TooN::Internal::debug_initialize(P*, int)' declared here, later in the translation unit
In file included from /home/alan/bin/TooN/include/TooN/TooN.h:84:0,
                 from conftest.cpp:1:
/home/alan/bin/TooN/include/TooN/internal/allocator.hh: In instantiation of 'TooN::Internal::StackOrHeap<Size, double, false>::StackOrHeap() [with int Size = 21]':
/home/alan/bin/TooN/include/TooN/internal/allocator.hh:102:43:   required from 'TooN::Internal::VectorAlloc<Size, Precision>::VectorAlloc() [with int Size = 21; Precision = double]'
/home/alan/bin/TooN/include/TooN/internal/vbase.hh:97:16:   required from 'TooN::Internal::GenericVBase<Size, Precision, Stride, Mem>::GenericVBase() [with int Size = 21; Precision = double; int Stride = 1; Mem = TooN::Internal::VectorAlloc<21, double>]'
/home/alan/bin/TooN/include/TooN/internal/vbase.hh:73:12:   required from 'TooN::Internal::VBase::VLayout<Size, Precision>::VLayout() [with int Size = 21; Precision = double]'
/home/alan/bin/TooN/include/TooN/internal/vector.hh:142:17:   required from 'TooN::Vector<Size, Precision, Base>::Vector() [with int Size = 21; Precision = double; Base = TooN::Internal::VBase]'
/home/alan/bin/TooN/include/TooN/internal/make_vector.hh:585:14:   required from here
/home/alan/bin/TooN/include/TooN/internal/allocator.hh:69:3: error: 'debug_initialize' was not declared in this scope, and no declarations were found by argument-dependent lookup at the point of instantiation [-fpermissive]
In file included from /home/alan/bin/TooN/include/TooN/TooN.h:88:0,
                 from conftest.cpp:1:
/home/alan/bin/TooN/include/TooN/internal/debug.hh:94:33: note: 'template<class P> void TooN::Internal::debug_initialize(P*, int)' declared here, later in the translation unit
In file included from /home/alan/bin/TooN/include/TooN/TooN.h:84:0,
                 from conftest.cpp:1:
/home/alan/bin/TooN/include/TooN/internal/allocator.hh: In instantiation of 'TooN::Internal::StackOrHeap<Size, double, false>::StackOrHeap() [with int Size = 22]':
/home/alan/bin/TooN/include/TooN/internal/allocator.hh:102:43:   required from 'TooN::Internal::VectorAlloc<Size, Precision>::VectorAlloc() [with int Size = 22; Precision = double]'
/home/alan/bin/TooN/include/TooN/internal/vbase.hh:97:16:   required from 'TooN::Internal::GenericVBase<Size, Precision, Stride, Mem>::GenericVBase() [with int Size = 22; Precision = double; int Stride = 1; Mem = TooN::Internal::VectorAlloc<22, double>]'
/home/alan/bin/TooN/include/TooN/internal/vbase.hh:73:12:   required from 'TooN::Internal::VBase::VLayout<Size, Precision>::VLayout() [with int Size = 22; Precision = double]'
/home/alan/bin/TooN/include/TooN/internal/vector.hh:142:17:   required from 'TooN::Vector<Size, Precision, Base>::Vector() [with int Size = 22; Precision = double; Base = TooN::Internal::VBase]'
/home/alan/bin/TooN/include/TooN/internal/make_vector.hh:635:14:   required from here
/home/alan/bin/TooN/include/TooN/internal/allocator.hh:69:3: error: 'debug_initialize' was not declared in this scope, and no declarations were found by argument-dependent lookup at the point of instantiation [-fpermissive]
In file included from /home/alan/bin/TooN/include/TooN/TooN.h:88:0,
                 from conftest.cpp:1:
/home/alan/bin/TooN/include/TooN/internal/debug.hh:94:33: note: 'template<class P> void TooN::Internal::debug_initialize(P*, int)' declared here, later in the translation unit
In file included from /home/alan/bin/TooN/include/TooN/TooN.h:84:0,
                 from conftest.cpp:1:
/home/alan/bin/TooN/include/TooN/internal/allocator.hh: In instantiation of 'TooN::Internal::StackOrHeap<Size, double, false>::StackOrHeap() [with int Size = 23]':
/home/alan/bin/TooN/include/TooN/internal/allocator.hh:102:43:   required from 'TooN::Internal::VectorAlloc<Size, Precision>::VectorAlloc() [with int Size = 23; Precision = double]'
/home/alan/bin/TooN/include/TooN/internal/vbase.hh:97:16:   required from 'TooN::Internal::GenericVBase<Size, Precision, Stride, Mem>::GenericVBase() [with int Size = 23; Precision = double; int Stride = 1; Mem = TooN::Internal::VectorAlloc<23, double>]'
/home/alan/bin/TooN/include/TooN/internal/vbase.hh:73:12:   required from 'TooN::Internal::VBase::VLayout<Size, Precision>::VLayout() [with int Size = 23; Precision = double]'
/home/alan/bin/TooN/include/TooN/internal/vector.hh:142:17:   required from 'TooN::Vector<Size, Precision, Base>::Vector() [with int Size = 23; Precision = double; Base = TooN::Internal::VBase]'
/home/alan/bin/TooN/include/TooN/internal/make_vector.hh:687:14:   required from here
/home/alan/bin/TooN/include/TooN/internal/allocator.hh:69:3: error: 'debug_initialize' was not declared in this scope, and no declarations were found by argument-dependent lookup at the point of instantiation [-fpermissive]
In file included from /home/alan/bin/TooN/include/TooN/TooN.h:88:0,
                 from conftest.cpp:1:
/home/alan/bin/TooN/include/TooN/internal/debug.hh:94:33: note: 'template<class P> void TooN::Internal::debug_initialize(P*, int)' declared here, later in the translation unit
In file included from /home/alan/bin/TooN/include/TooN/TooN.h:84:0,
                 from conftest.cpp:1:
/home/alan/bin/TooN/include/TooN/internal/allocator.hh: In instantiation of 'TooN::Internal::StackOrHeap<Size, double, false>::StackOrHeap() [with int Size = 24]':
/home/alan/bin/TooN/include/TooN/internal/allocator.hh:102:43:   required from 'TooN::Internal::VectorAlloc<Size, Precision>::VectorAlloc() [with int Size = 24; Precision = double]'
/home/alan/bin/TooN/include/TooN/internal/vbase.hh:97:16:   required from 'TooN::Internal::GenericVBase<Size, Precision, Stride, Mem>::GenericVBase() [with int Size = 24; Precision = double; int Stride = 1; Mem = TooN::Internal::VectorAlloc<24, double>]'
/home/alan/bin/TooN/include/TooN/internal/vbase.hh:73:12:   required from 'TooN::Internal::VBase::VLayout<Size, Precision>::VLayout() [with int Size = 24; Precision = double]'
/home/alan/bin/TooN/include/TooN/internal/vector.hh:142:17:   required from 'TooN::Vector<Size, Precision, Base>::Vector() [with int Size = 24; Precision = double; Base = TooN::Internal::VBase]'
/home/alan/bin/TooN/include/TooN/internal/make_vector.hh:741:14:   required from here
/home/alan/bin/TooN/include/TooN/internal/allocator.hh:69:3: error: 'debug_initialize' was not declared in this scope, and no declarations were found by argument-dependent lookup at the point of instantiation [-fpermissive]
In file included from /home/alan/bin/TooN/include/TooN/TooN.h:88:0,
                 from conftest.cpp:1:
/home/alan/bin/TooN/include/TooN/internal/debug.hh:94:33: note: 'template<class P> void TooN::Internal::debug_initialize(P*, int)' declared here, later in the translation unit
In file included from /home/alan/bin/TooN/include/TooN/TooN.h:84:0,
                 from conftest.cpp:1:
/home/alan/bin/TooN/include/TooN/internal/allocator.hh: In instantiation of 'TooN::Internal::StackOrHeap<Size, double, false>::StackOrHeap() [with int Size = 25]':
/home/alan/bin/TooN/include/TooN/internal/allocator.hh:102:43:   required from 'TooN::Internal::VectorAlloc<Size, Precision>::VectorAlloc() [with int Size = 25; Precision = double]'
/home/alan/bin/TooN/include/TooN/internal/vbase.hh:97:16:   required from 'TooN::Internal::GenericVBase<Size, Precision, Stride, Mem>::GenericVBase() [with int Size = 25; Precision = double; int Stride = 1; Mem = TooN::Internal::VectorAlloc<25, double>]'
/home/alan/bin/TooN/include/TooN/internal/vbase.hh:73:12:   required from 'TooN::Internal::VBase::VLayout<Size, Precision>::VLayout() [with int Size = 25; Precision = double]'
/home/alan/bin/TooN/include/TooN/internal/vector.hh:142:17:   required from 'TooN::Vector<Size, Precision, Base>::Vector() [with int Size = 25; Precision = double; Base = TooN::Internal::VBase]'
/home/alan/bin/TooN/include/TooN/internal/make_vector.hh:797:14:   required from here
/home/alan/bin/TooN/include/TooN/internal/allocator.hh:69:3: error: 'debug_initialize' was not declared in this scope, and no declarations were found by argument-dependent lookup at the point of instantiation [-fpermissive]
In file included from /home/alan/bin/TooN/include/TooN/TooN.h:88:0,
                 from conftest.cpp:1:
/home/alan/bin/TooN/include/TooN/internal/debug.hh:94:33: note: 'template<class P> void TooN::Internal::debug_initialize(P*, int)' declared here, later in the translation unit
In file included from /home/alan/bin/TooN/include/TooN/TooN.h:84:0,
                 from conftest.cpp:1:
/home/alan/bin/TooN/include/TooN/internal/allocator.hh: In instantiation of 'TooN::Internal::StackOrHeap<Size, double, false>::StackOrHeap() [with int Size = 26]':
/home/alan/bin/TooN/include/TooN/internal/allocator.hh:102:43:   required from 'TooN::Internal::VectorAlloc<Size, Precision>::VectorAlloc() [with int Size = 26; Precision = double]'
/home/alan/bin/TooN/include/TooN/internal/vbase.hh:97:16:   required from 'TooN::Internal::GenericVBase<Size, Precision, Stride, Mem>::GenericVBase() [with int Size = 26; Precision = double; int Stride = 1; Mem = TooN::Internal::VectorAlloc<26, double>]'
/home/alan/bin/TooN/include/TooN/internal/vbase.hh:73:12:   required from 'TooN::Internal::VBase::VLayout<Size, Precision>::VLayout() [with int Size = 26; Precision = double]'
/home/alan/bin/TooN/include/TooN/internal/vector.hh:142:17:   required from 'TooN::Vector<Size, Precision, Base>::Vector() [with int Size = 26; Precision = double; Base = TooN::Internal::VBase]'
/home/alan/bin/TooN/include/TooN/internal/make_vector.hh:855:14:   required from here
/home/alan/bin/TooN/include/TooN/internal/allocator.hh:69:3: error: 'debug_initialize' was not declared in this scope, and no declarations were found by argument-dependent lookup at the point of instantiation [-fpermissive]
In file included from /home/alan/bin/TooN/include/TooN/TooN.h:88:0,
                 from conftest.cpp:1:
/home/alan/bin/TooN/include/TooN/internal/debug.hh:94:33: note: 'template<class P> void TooN::Internal::debug_initialize(P*, int)' declared here, later in the translation unit
In file included from /home/alan/bin/TooN/include/TooN/TooN.h:84:0,
                 from conftest.cpp:1:
/home/alan/bin/TooN/include/TooN/internal/allocator.hh: In instantiation of 'TooN::Internal::StackOrHeap<Size, double, false>::StackOrHeap() [with int Size = 27]':
/home/alan/bin/TooN/include/TooN/internal/allocator.hh:102:43:   required from 'TooN::Internal::VectorAlloc<Size, Precision>::VectorAlloc() [with int Size = 27; Precision = double]'
/home/alan/bin/TooN/include/TooN/internal/vbase.hh:97:16:   required from 'TooN::Internal::GenericVBase<Size, Precision, Stride, Mem>::GenericVBase() [with int Size = 27; Precision = double; int Stride = 1; Mem = TooN::Internal::VectorAlloc<27, double>]'
/home/alan/bin/TooN/include/TooN/internal/vbase.hh:73:12:   required from 'TooN::Internal::VBase::VLayout<Size, Precision>::VLayout() [with int Size = 27; Precision = double]'
/home/alan/bin/TooN/include/TooN/internal/vector.hh:142:17:   required from 'TooN::Vector<Size, Precision, Base>::Vector() [with int Size = 27; Precision = double; Base = TooN::Internal::VBase]'
/home/alan/bin/TooN/include/TooN/internal/make_vector.hh:915:14:   required from here
/home/alan/bin/TooN/include/TooN/internal/allocator.hh:69:3: error: 'debug_initialize' was not declared in this scope, and no declarations were found by argument-dependent lookup at the point of instantiation [-fpermissive]
In file included from /home/alan/bin/TooN/include/TooN/TooN.h:88:0,
                 from conftest.cpp:1:
/home/alan/bin/TooN/include/TooN/internal/debug.hh:94:33: note: 'template<class P> void TooN::Internal::debug_initialize(P*, int)' declared here, later in the translation unit
In file included from /home/alan/bin/TooN/include/TooN/TooN.h:84:0,
                 from conftest.cpp:1:
/home/alan/bin/TooN/include/TooN/internal/allocator.hh: In instantiation of 'TooN::Internal::StackOrHeap<Size, double, false>::StackOrHeap() [with int Size = 28]':
/home/alan/bin/TooN/include/TooN/internal/allocator.hh:102:43:   required from 'TooN::Internal::VectorAlloc<Size, Precision>::VectorAlloc() [with int Size = 28; Precision = double]'
/home/alan/bin/TooN/include/TooN/internal/vbase.hh:97:16:   required from 'TooN::Internal::GenericVBase<Size, Precision, Stride, Mem>::GenericVBase() [with int Size = 28; Precision = double; int Stride = 1; Mem = TooN::Internal::VectorAlloc<28, double>]'
/home/alan/bin/TooN/include/TooN/internal/vbase.hh:73:12:   required from 'TooN::Internal::VBase::VLayout<Size, Precision>::VLayout() [with int Size = 28; Precision = double]'
/home/alan/bin/TooN/include/TooN/internal/vector.hh:142:17:   required from 'TooN::Vector<Size, Precision, Base>::Vector() [with int Size = 28; Precision = double; Base = TooN::Internal::VBase]'
/home/alan/bin/TooN/include/TooN/internal/make_vector.hh:977:14:   required from here
/home/alan/bin/TooN/include/TooN/internal/allocator.hh:69:3: error: 'debug_initialize' was not declared in this scope, and no declarations were found by argument-dependent lookup at the point of instantiation [-fpermissive]
In file included from /home/alan/bin/TooN/include/TooN/TooN.h:88:0,
                 from conftest.cpp:1:
/home/alan/bin/TooN/include/TooN/internal/debug.hh:94:33: note: 'template<class P> void TooN::Internal::debug_initialize(P*, int)' declared here, later in the translation unit
In file included from /home/alan/bin/TooN/include/TooN/TooN.h:84:0,
                 from conftest.cpp:1:
/home/alan/bin/TooN/include/TooN/internal/allocator.hh: In instantiation of 'TooN::Internal::StackOrHeap<Size, double, false>::StackOrHeap() [with int Size = 29]':
/home/alan/bin/TooN/include/TooN/internal/allocator.hh:102:43:   required from 'TooN::Internal::VectorAlloc<Size, Precision>::VectorAlloc() [with int Size = 29; Precision = double]'
/home/alan/bin/TooN/include/TooN/internal/vbase.hh:97:16:   required from 'TooN::Internal::GenericVBase<Size, Precision, Stride, Mem>::GenericVBase() [with int Size = 29; Precision = double; int Stride = 1; Mem = TooN::Internal::VectorAlloc<29, double>]'
/home/alan/bin/TooN/include/TooN/internal/vbase.hh:73:12:   required from 'TooN::Internal::VBase::VLayout<Size, Precision>::VLayout() [with int Size = 29; Precision = double]'
/home/alan/bin/TooN/include/TooN/internal/vector.hh:142:17:   required from 'TooN::Vector<Size, Precision, Base>::Vector() [with int Size = 29; Precision = double; Base = TooN::Internal::VBase]'
/home/alan/bin/TooN/include/TooN/internal/make_vector.hh:1041:14:   required from here
/home/alan/bin/TooN/include/TooN/internal/allocator.hh:69:3: error: 'debug_initialize' was not declared in this scope, and no declarations were found by argument-dependent lookup at the point of instantiation [-fpermissive]
In file included from /home/alan/bin/TooN/include/TooN/TooN.h:88:0,
                 from conftest.cpp:1:
/home/alan/bin/TooN/include/TooN/internal/debug.hh:94:33: note: 'template<class P> void TooN::Internal::debug_initialize(P*, int)' declared here, later in the translation unit
In file included from /home/alan/bin/TooN/include/TooN/TooN.h:84:0,
                 from conftest.cpp:1:
/home/alan/bin/TooN/include/TooN/internal/allocator.hh: In instantiation of 'TooN::Internal::StackOrHeap<Size, double, false>::StackOrHeap() [with int Size = 30]':
/home/alan/bin/TooN/include/TooN/internal/allocator.hh:102:43:   required from 'TooN::Internal::VectorAlloc<Size, Precision>::VectorAlloc() [with int Size = 30; Precision = double]'
/home/alan/bin/TooN/include/TooN/internal/vbase.hh:97:16:   required from 'TooN::Internal::GenericVBase<Size, Precision, Stride, Mem>::GenericVBase() [with int Size = 30; Precision = double; int Stride = 1; Mem = TooN::Internal::VectorAlloc<30, double>]'
/home/alan/bin/TooN/include/TooN/internal/vbase.hh:73:12:   required from 'TooN::Internal::VBase::VLayout<Size, Precision>::VLayout() [with int Size = 30; Precision = double]'
/home/alan/bin/TooN/include/TooN/internal/vector.hh:142:17:   required from 'TooN::Vector<Size, Precision, Base>::Vector() [with int Size = 30; Precision = double; Base = TooN::Internal::VBase]'
/home/alan/bin/TooN/include/TooN/internal/make_vector.hh:1107:14:   required from here
/home/alan/bin/TooN/include/TooN/internal/allocator.hh:69:3: error: 'debug_initialize' was not declared in this scope, and no declarations were found by argument-dependent lookup at the point of instantiation [-fpermissive]
In file included from /home/alan/bin/TooN/include/TooN/TooN.h:88:0,
                 from conftest.cpp:1:
/home/alan/bin/TooN/include/TooN/internal/debug.hh:94:33: note: 'template<class P> void TooN::Internal::debug_initialize(P*, int)' declared here, later in the translation unit
In file included from /home/alan/bin/TooN/include/TooN/TooN.h:100:0,
                 from conftest.cpp:1:
/home/alan/bin/TooN/include/TooN/internal/objects.h:488:33: warning: 'TooN::Zeros' defined but not used [-Wunused-variable]
configure:8374: $? = 1
configure: failed program was:
| #include <TooN/TooN.h>
| 	int main(){TooN::Vector<2> v;return 0;}
configure:8385: result: no
configure:8391: checking Old TooN
configure:8411: g++ -c -D_REENTRANT -fomit-frame-pointer -Wall -Wextra -pipe -ggdb -fPIC -mmmx -msse -msse -msse2 -msse3  -I /home/alan/bin/TooN/include/  -I/home/alan/bin/libcvd_2009/include conftest.cpp >&5
In file included from /home/alan/bin/TooN/include/TooN/TooN.h:84:0,
                 from conftest.cpp:1:
/home/alan/bin/TooN/include/TooN/internal/allocator.hh: In instantiation of 'TooN::Internal::MatrixAlloc<R, C, Precision, false>::MatrixAlloc(int, int) [with int R = -1; int C = -1; Precision = double]':
/home/alan/bin/TooN/include/TooN/internal/mbase.hh:121:11:   required from 'TooN::Internal::GenericMBase<<anonymous>, <anonymous>, <template-parameter-1-3>, <anonymous>, <anonymous>, <template-parameter-1-6> >::GenericMBase(int, int) [with int Rows = -1; int Cols = -1; Precision = double; int RowStride = -2; int ColStride = 1; Mem = TooN::Internal::MatrixAlloc<-1, -1, double, false>]'
/home/alan/bin/TooN/include/TooN/internal/mbase.hh:221:137:   required from 'TooN::RowMajor::MLayout<Rows, Cols, Precision>::MLayout(int, int) [with int Rows = -1; int Cols = -1; Precision = double]'
/home/alan/bin/TooN/include/TooN/internal/matrix.hh:46:59:   required from 'TooN::Matrix<Rows, Cols, Precision, Base>::Matrix(int, int) [with int Rows = -1; int Cols = -1; Precision = double; Layout = TooN::RowMajor]'
conftest.cpp:5:20:   required from here
/home/alan/bin/TooN/include/TooN/internal/allocator.hh:300:3: error: 'debug_initialize' was not declared in this scope, and no declarations were found by argument-dependent lookup at the point of instantiation [-fpermissive]
In file included from /home/alan/bin/TooN/include/TooN/TooN.h:88:0,
                 from conftest.cpp:1:
/home/alan/bin/TooN/include/TooN/internal/debug.hh:94:33: note: 'template<class P> void TooN::Internal::debug_initialize(P*, int)' declared here, later in the translation unit
In file included from /home/alan/bin/TooN/include/TooN/TooN.h:84:0,
                 from conftest.cpp:1:
/home/alan/bin/TooN/include/TooN/internal/allocator.hh: In instantiation of 'TooN::Internal::StackOrHeap<Size, double, false>::StackOrHeap() [with int Size = 1]':
/home/alan/bin/TooN/include/TooN/internal/allocator.hh:102:43:   required from 'TooN::Internal::VectorAlloc<Size, Precision>::VectorAlloc() [with int Size = 1; Precision = double]'
/home/alan/bin/TooN/include/TooN/internal/vbase.hh:97:16:   required from 'TooN::Internal::GenericVBase<Size, Precision, Stride, Mem>::GenericVBase() [with int Size = 1; Precision = double; int Stride = 1; Mem = TooN::Internal::VectorAlloc<1, double>]'
/home/alan/bin/TooN/include/TooN/internal/vbase.hh:73:12:   required from 'TooN::Internal::VBase::VLayout<Size, Precision>::VLayout() [with int Size = 1; Precision = double]'
/home/alan/bin/TooN/include/TooN/internal/vector.hh:142:17:   required from 'TooN::Vector<Size, Precision, Base>::Vector() [with int Size = 1; Precision = double; Base = TooN::Internal::VBase]'
/home/alan/bin/TooN/include/TooN/internal/make_vector.hh:5:13:   required from here
/home/alan/bin/TooN/include/TooN/internal/allocator.hh:69:3: error: 'debug_initialize' was not declared in this scope, and no declarations were found by argument-dependent lookup at the point of instantiation [-fpermissive]
In file included from /home/alan/bin/TooN/include/TooN/TooN.h:88:0,
                 from conftest.cpp:1:
/home/alan/bin/TooN/include/TooN/internal/debug.hh:94:33: note: 'template<class P> void TooN::Internal::debug_initialize(P*, int)' declared here, later in the translation unit
In file included from /home/alan/bin/TooN/include/TooN/TooN.h:84:0,
                 from conftest.cpp:1:
/home/alan/bin/TooN/include/TooN/internal/allocator.hh: In instantiation of 'TooN::Internal::StackOrHeap<Size, double, false>::StackOrHeap() [with int Size = 2]':
/home/alan/bin/TooN/include/TooN/internal/allocator.hh:102:43:   required from 'TooN::Internal::VectorAlloc<Size, Precision>::VectorAlloc() [with int Size = 2; Precision = double]'
/home/alan/bin/TooN/include/TooN/internal/vbase.hh:97:16:   required from 'TooN::Internal::GenericVBase<Size, Precision, Stride, Mem>::GenericVBase() [with int Size = 2; Precision = double; int Stride = 1; Mem = TooN::Internal::VectorAlloc<2, double>]'
/home/alan/bin/TooN/include/TooN/internal/vbase.hh:73:12:   required from 'TooN::Internal::VBase::VLayout<Size, Precision>::VLayout() [with int Size = 2; Precision = double]'
/home/alan/bin/TooN/include/TooN/internal/vector.hh:142:17:   required from 'TooN::Vector<Size, Precision, Base>::Vector() [with int Size = 2; Precision = double; Base = TooN::Internal::VBase]'
/home/alan/bin/TooN/include/TooN/internal/make_vector.hh:15:13:   required from here
/home/alan/bin/TooN/include/TooN/internal/allocator.hh:69:3: error: 'debug_initialize' was not declared in this scope, and no declarations were found by argument-dependent lookup at the point of instantiation [-fpermissive]
In file included from /home/alan/bin/TooN/include/TooN/TooN.h:88:0,
                 from conftest.cpp:1:
/home/alan/bin/TooN/include/TooN/internal/debug.hh:94:33: note: 'template<class P> void TooN::Internal::debug_initialize(P*, int)' declared here, later in the translation unit
In file included from /home/alan/bin/TooN/include/TooN/TooN.h:84:0,
                 from conftest.cpp:1:
/home/alan/bin/TooN/include/TooN/internal/allocator.hh: In instantiation of 'TooN::Internal::StackOrHeap<Size, double, false>::StackOrHeap() [with int Size = 3]':
/home/alan/bin/TooN/include/TooN/internal/allocator.hh:102:43:   required from 'TooN::Internal::VectorAlloc<Size, Precision>::VectorAlloc() [with int Size = 3; Precision = double]'
/home/alan/bin/TooN/include/TooN/internal/vbase.hh:97:16:   required from 'TooN::Internal::GenericVBase<Size, Precision, Stride, Mem>::GenericVBase() [with int Size = 3; Precision = double; int Stride = 1; Mem = TooN::Internal::VectorAlloc<3, double>]'
/home/alan/bin/TooN/include/TooN/internal/vbase.hh:73:12:   required from 'TooN::Internal::VBase::VLayout<Size, Precision>::VLayout() [with int Size = 3; Precision = double]'
/home/alan/bin/TooN/include/TooN/internal/vector.hh:142:17:   required from 'TooN::Vector<Size, Precision, Base>::Vector() [with int Size = 3; Precision = double; Base = TooN::Internal::VBase]'
/home/alan/bin/TooN/include/TooN/internal/make_vector.hh:27:13:   required from here
/home/alan/bin/TooN/include/TooN/internal/allocator.hh:69:3: error: 'debug_initialize' was not declared in this scope, and no declarations were found by argument-dependent lookup at the point of instantiation [-fpermissive]
In file included from /home/alan/bin/TooN/include/TooN/TooN.h:88:0,
                 from conftest.cpp:1:
/home/alan/bin/TooN/include/TooN/internal/debug.hh:94:33: note: 'template<class P> void TooN::Internal::debug_initialize(P*, int)' declared here, later in the translation unit
In file included from /home/alan/bin/TooN/include/TooN/TooN.h:84:0,
                 from conftest.cpp:1:
/home/alan/bin/TooN/include/TooN/internal/allocator.hh: In instantiation of 'TooN::Internal::StackOrHeap<Size, double, false>::StackOrHeap() [with int Size = 4]':
/home/alan/bin/TooN/include/TooN/internal/allocator.hh:102:43:   required from 'TooN::Internal::VectorAlloc<Size, Precision>::VectorAlloc() [with int Size = 4; Precision = double]'
/home/alan/bin/TooN/include/TooN/internal/vbase.hh:97:16:   required from 'TooN::Internal::GenericVBase<Size, Precision, Stride, Mem>::GenericVBase() [with int Size = 4; Precision = double; int Stride = 1; Mem = TooN::Internal::VectorAlloc<4, double>]'
/home/alan/bin/TooN/include/TooN/internal/vbase.hh:73:12:   required from 'TooN::Internal::VBase::VLayout<Size, Precision>::VLayout() [with int Size = 4; Precision = double]'
/home/alan/bin/TooN/include/TooN/internal/vector.hh:142:17:   required from 'TooN::Vector<Size, Precision, Base>::Vector() [with int Size = 4; Precision = double; Base = TooN::Internal::VBase]'
/home/alan/bin/TooN/include/TooN/internal/make_vector.hh:41:13:   required from here
/home/alan/bin/TooN/include/TooN/internal/allocator.hh:69:3: error: 'debug_initialize' was not declared in this scope, and no declarations were found by argument-dependent lookup at the point of instantiation [-fpermissive]
In file included from /home/alan/bin/TooN/include/TooN/TooN.h:88:0,
                 from conftest.cpp:1:
/home/alan/bin/TooN/include/TooN/internal/debug.hh:94:33: note: 'template<class P> void TooN::Internal::debug_initialize(P*, int)' declared here, later in the translation unit
In file included from /home/alan/bin/TooN/include/TooN/TooN.h:84:0,
                 from conftest.cpp:1:
/home/alan/bin/TooN/include/TooN/internal/allocator.hh: In instantiation of 'TooN::Internal::StackOrHeap<Size, double, false>::StackOrHeap() [with int Size = 5]':
/home/alan/bin/TooN/include/TooN/internal/allocator.hh:102:43:   required from 'TooN::Internal::VectorAlloc<Size, Precision>::VectorAlloc() [with int Size = 5; Precision = double]'
/home/alan/bin/TooN/include/TooN/internal/vbase.hh:97:16:   required from 'TooN::Internal::GenericVBase<Size, Precision, Stride, Mem>::GenericVBase() [with int Size = 5; Precision = double; int Stride = 1; Mem = TooN::Internal::VectorAlloc<5, double>]'
/home/alan/bin/TooN/include/TooN/internal/vbase.hh:73:12:   required from 'TooN::Internal::VBase::VLayout<Size, Precision>::VLayout() [with int Size = 5; Precision = double]'
/home/alan/bin/TooN/include/TooN/internal/vector.hh:142:17:   required from 'TooN::Vector<Size, Precision, Base>::Vector() [with int Size = 5; Precision = double; Base = TooN::Internal::VBase]'
/home/alan/bin/TooN/include/TooN/internal/make_vector.hh:57:13:   required from here
/home/alan/bin/TooN/include/TooN/internal/allocator.hh:69:3: error: 'debug_initialize' was not declared in this scope, and no declarations were found by argument-dependent lookup at the point of instantiation [-fpermissive]
In file included from /home/alan/bin/TooN/include/TooN/TooN.h:88:0,
                 from conftest.cpp:1:
/home/alan/bin/TooN/include/TooN/internal/debug.hh:94:33: note: 'template<class P> void TooN::Internal::debug_initialize(P*, int)' declared here, later in the translation unit
In file included from /home/alan/bin/TooN/include/TooN/TooN.h:84:0,
                 from conftest.cpp:1:
/home/alan/bin/TooN/include/TooN/internal/allocator.hh: In instantiation of 'TooN::Internal::StackOrHeap<Size, double, false>::StackOrHeap() [with int Size = 6]':
/home/alan/bin/TooN/include/TooN/internal/allocator.hh:102:43:   required from 'TooN::Internal::VectorAlloc<Size, Precision>::VectorAlloc() [with int Size = 6; Precision = double]'
/home/alan/bin/TooN/include/TooN/internal/vbase.hh:97:16:   required from 'TooN::Internal::GenericVBase<Size, Precision, Stride, Mem>::GenericVBase() [with int Size = 6; Precision = double; int Stride = 1; Mem = TooN::Internal::VectorAlloc<6, double>]'
/home/alan/bin/TooN/include/TooN/internal/vbase.hh:73:12:   required from 'TooN::Internal::VBase::VLayout<Size, Precision>::VLayout() [with int Size = 6; Precision = double]'
/home/alan/bin/TooN/include/TooN/internal/vector.hh:142:17:   required from 'TooN::Vector<Size, Precision, Base>::Vector() [with int Size = 6; Precision = double; Base = TooN::Internal::VBase]'
/home/alan/bin/TooN/include/TooN/internal/make_vector.hh:75:13:   required from here
/home/alan/bin/TooN/include/TooN/internal/allocator.hh:69:3: error: 'debug_initialize' was not declared in this scope, and no declarations were found by argument-dependent lookup at the point of instantiation [-fpermissive]
In file included from /home/alan/bin/TooN/include/TooN/TooN.h:88:0,
                 from conftest.cpp:1:
/home/alan/bin/TooN/include/TooN/internal/debug.hh:94:33: note: 'template<class P> void TooN::Internal::debug_initialize(P*, int)' declared here, later in the translation unit
In file included from /home/alan/bin/TooN/include/TooN/TooN.h:84:0,
                 from conftest.cpp:1:
/home/alan/bin/TooN/include/TooN/internal/allocator.hh: In instantiation of 'TooN::Internal::StackOrHeap<Size, double, false>::StackOrHeap() [with int Size = 7]':
/home/alan/bin/TooN/include/TooN/internal/allocator.hh:102:43:   required from 'TooN::Internal::VectorAlloc<Size, Precision>::VectorAlloc() [with int Size = 7; Precision = double]'
/home/alan/bin/TooN/include/TooN/internal/vbase.hh:97:16:   required from 'TooN::Internal::GenericVBase<Size, Precision, Stride, Mem>::GenericVBase() [with int Size = 7; Precision = double; int Stride = 1; Mem = TooN::Internal::VectorAlloc<7, double>]'
/home/alan/bin/TooN/include/TooN/internal/vbase.hh:73:12:   required from 'TooN::Internal::VBase::VLayout<Size, Precision>::VLayout() [with int Size = 7; Precision = double]'
/home/alan/bin/TooN/include/TooN/internal/vector.hh:142:17:   required from 'TooN::Vector<Size, Precision, Base>::Vector() [with int Size = 7; Precision = double; Base = TooN::Internal::VBase]'
/home/alan/bin/TooN/include/TooN/internal/make_vector.hh:95:13:   required from here
/home/alan/bin/TooN/include/TooN/internal/allocator.hh:69:3: error: 'debug_initialize' was not declared in this scope, and no declarations were found by argument-dependent lookup at the point of instantiation [-fpermissive]
In file included from /home/alan/bin/TooN/include/TooN/TooN.h:88:0,
                 from conftest.cpp:1:
/home/alan/bin/TooN/include/TooN/internal/debug.hh:94:33: note: 'template<class P> void TooN::Internal::debug_initialize(P*, int)' declared here, later in the translation unit
In file included from /home/alan/bin/TooN/include/TooN/TooN.h:84:0,
                 from conftest.cpp:1:
/home/alan/bin/TooN/include/TooN/internal/allocator.hh: In instantiation of 'TooN::Internal::StackOrHeap<Size, double, false>::StackOrHeap() [with int Size = 8]':
/home/alan/bin/TooN/include/TooN/internal/allocator.hh:102:43:   required from 'TooN::Internal::VectorAlloc<Size, Precision>::VectorAlloc() [with int Size = 8; Precision = double]'
/home/alan/bin/TooN/include/TooN/internal/vbase.hh:97:16:   required from 'TooN::Internal::GenericVBase<Size, Precision, Stride, Mem>::GenericVBase() [with int Size = 8; Precision = double; int Stride = 1; Mem = TooN::Internal::VectorAlloc<8, double>]'
/home/alan/bin/TooN/include/TooN/internal/vbase.hh:73:12:   required from 'TooN::Internal::VBase::VLayout<Size, Precision>::VLayout() [with int Size = 8; Precision = double]'
/home/alan/bin/TooN/include/TooN/internal/vector.hh:142:17:   required from 'TooN::Vector<Size, Precision, Base>::Vector() [with int Size = 8; Precision = double; Base = TooN::Internal::VBase]'
/home/alan/bin/TooN/include/TooN/internal/make_vector.hh:117:13:   required from here
/home/alan/bin/TooN/include/TooN/internal/allocator.hh:69:3: error: 'debug_initialize' was not declared in this scope, and no declarations were found by argument-dependent lookup at the point of instantiation [-fpermissive]
In file included from /home/alan/bin/TooN/include/TooN/TooN.h:88:0,
                 from conftest.cpp:1:
/home/alan/bin/TooN/include/TooN/internal/debug.hh:94:33: note: 'template<class P> void TooN::Internal::debug_initialize(P*, int)' declared here, later in the translation unit
In file included from /home/alan/bin/TooN/include/TooN/TooN.h:84:0,
                 from conftest.cpp:1:
/home/alan/bin/TooN/include/TooN/internal/allocator.hh: In instantiation of 'TooN::Internal::StackOrHeap<Size, double, false>::StackOrHeap() [with int Size = 9]':
/home/alan/bin/TooN/include/TooN/internal/allocator.hh:102:43:   required from 'TooN::Internal::VectorAlloc<Size, Precision>::VectorAlloc() [with int Size = 9; Precision = double]'
/home/alan/bin/TooN/include/TooN/internal/vbase.hh:97:16:   required from 'TooN::Internal::GenericVBase<Size, Precision, Stride, Mem>::GenericVBase() [with int Size = 9; Precision = double; int Stride = 1; Mem = TooN::Internal::VectorAlloc<9, double>]'
/home/alan/bin/TooN/include/TooN/internal/vbase.hh:73:12:   required from 'TooN::Internal::VBase::VLayout<Size, Precision>::VLayout() [with int Size = 9; Precision = double]'
/home/alan/bin/TooN/include/TooN/internal/vector.hh:142:17:   required from 'TooN::Vector<Size, Precision, Base>::Vector() [with int Size = 9; Precision = double; Base = TooN::Internal::VBase]'
/home/alan/bin/TooN/include/TooN/internal/make_vector.hh:141:13:   required from here
/home/alan/bin/TooN/include/TooN/internal/allocator.hh:69:3: error: 'debug_initialize' was not declared in this scope, and no declarations were found by argument-dependent lookup at the point of instantiation [-fpermissive]
In file included from /home/alan/bin/TooN/include/TooN/TooN.h:88:0,
                 from conftest.cpp:1:
/home/alan/bin/TooN/include/TooN/internal/debug.hh:94:33: note: 'template<class P> void TooN::Internal::debug_initialize(P*, int)' declared here, later in the translation unit
In file included from /home/alan/bin/TooN/include/TooN/TooN.h:84:0,
                 from conftest.cpp:1:
/home/alan/bin/TooN/include/TooN/internal/allocator.hh: In instantiation of 'TooN::Internal::StackOrHeap<Size, double, false>::StackOrHeap() [with int Size = 10]':
/home/alan/bin/TooN/include/TooN/internal/allocator.hh:102:43:   required from 'TooN::Internal::VectorAlloc<Size, Precision>::VectorAlloc() [with int Size = 10; Precision = double]'
/home/alan/bin/TooN/include/TooN/internal/vbase.hh:97:16:   required from 'TooN::Internal::GenericVBase<Size, Precision, Stride, Mem>::GenericVBase() [with int Size = 10; Precision = double; int Stride = 1; Mem = TooN::Internal::VectorAlloc<10, double>]'
/home/alan/bin/TooN/include/TooN/internal/vbase.hh:73:12:   required from 'TooN::Internal::VBase::VLayout<Size, Precision>::VLayout() [with int Size = 10; Precision = double]'
/home/alan/bin/TooN/include/TooN/internal/vector.hh:142:17:   required from 'TooN::Vector<Size, Precision, Base>::Vector() [with int Size = 10; Precision = double; Base = TooN::Internal::VBase]'
/home/alan/bin/TooN/include/TooN/internal/make_vector.hh:167:14:   required from here
/home/alan/bin/TooN/include/TooN/internal/allocator.hh:69:3: error: 'debug_initialize' was not declared in this scope, and no declarations were found by argument-dependent lookup at the point of instantiation [-fpermissive]
In file included from /home/alan/bin/TooN/include/TooN/TooN.h:88:0,
                 from conftest.cpp:1:
/home/alan/bin/TooN/include/TooN/internal/debug.hh:94:33: note: 'template<class P> void TooN::Internal::debug_initialize(P*, int)' declared here, later in the translation unit
In file included from /home/alan/bin/TooN/include/TooN/TooN.h:84:0,
                 from conftest.cpp:1:
/home/alan/bin/TooN/include/TooN/internal/allocator.hh: In instantiation of 'TooN::Internal::StackOrHeap<Size, double, false>::StackOrHeap() [with int Size = 11]':
/home/alan/bin/TooN/include/TooN/internal/allocator.hh:102:43:   required from 'TooN::Internal::VectorAlloc<Size, Precision>::VectorAlloc() [with int Size = 11; Precision = double]'
/home/alan/bin/TooN/include/TooN/internal/vbase.hh:97:16:   required from 'TooN::Internal::GenericVBase<Size, Precision, Stride, Mem>::GenericVBase() [with int Size = 11; Precision = double; int Stride = 1; Mem = TooN::Internal::VectorAlloc<11, double>]'
/home/alan/bin/TooN/include/TooN/internal/vbase.hh:73:12:   required from 'TooN::Internal::VBase::VLayout<Size, Precision>::VLayout() [with int Size = 11; Precision = double]'
/home/alan/bin/TooN/include/TooN/internal/vector.hh:142:17:   required from 'TooN::Vector<Size, Precision, Base>::Vector() [with int Size = 11; Precision = double; Base = TooN::Internal::VBase]'
/home/alan/bin/TooN/include/TooN/internal/make_vector.hh:195:14:   required from here
/home/alan/bin/TooN/include/TooN/internal/allocator.hh:69:3: error: 'debug_initialize' was not declared in this scope, and no declarations were found by argument-dependent lookup at the point of instantiation [-fpermissive]
In file included from /home/alan/bin/TooN/include/TooN/TooN.h:88:0,
                 from conftest.cpp:1:
/home/alan/bin/TooN/include/TooN/internal/debug.hh:94:33: note: 'template<class P> void TooN::Internal::debug_initialize(P*, int)' declared here, later in the translation unit
In file included from /home/alan/bin/TooN/include/TooN/TooN.h:84:0,
                 from conftest.cpp:1:
/home/alan/bin/TooN/include/TooN/internal/allocator.hh: In instantiation of 'TooN::Internal::StackOrHeap<Size, double, false>::StackOrHeap() [with int Size = 12]':
/home/alan/bin/TooN/include/TooN/internal/allocator.hh:102:43:   required from 'TooN::Internal::VectorAlloc<Size, Precision>::VectorAlloc() [with int Size = 12; Precision = double]'
/home/alan/bin/TooN/include/TooN/internal/vbase.hh:97:16:   required from 'TooN::Internal::GenericVBase<Size, Precision, Stride, Mem>::GenericVBase() [with int Size = 12; Precision = double; int Stride = 1; Mem = TooN::Internal::VectorAlloc<12, double>]'
/home/alan/bin/TooN/include/TooN/internal/vbase.hh:73:12:   required from 'TooN::Internal::VBase::VLayout<Size, Precision>::VLayout() [with int Size = 12; Precision = double]'
/home/alan/bin/TooN/include/TooN/internal/vector.hh:142:17:   required from 'TooN::Vector<Size, Precision, Base>::Vector() [with int Size = 12; Precision = double; Base = TooN::Internal::VBase]'
/home/alan/bin/TooN/include/TooN/internal/make_vector.hh:225:14:   required from here
/home/alan/bin/TooN/include/TooN/internal/allocator.hh:69:3: error: 'debug_initialize' was not declared in this scope, and no declarations were found by argument-dependent lookup at the point of instantiation [-fpermissive]
In file included from /home/alan/bin/TooN/include/TooN/TooN.h:88:0,
                 from conftest.cpp:1:
/home/alan/bin/TooN/include/TooN/internal/debug.hh:94:33: note: 'template<class P> void TooN::Internal::debug_initialize(P*, int)' declared here, later in the translation unit
In file included from /home/alan/bin/TooN/include/TooN/TooN.h:84:0,
                 from conftest.cpp:1:
/home/alan/bin/TooN/include/TooN/internal/allocator.hh: In instantiation of 'TooN::Internal::StackOrHeap<Size, double, false>::StackOrHeap() [with int Size = 13]':
/home/alan/bin/TooN/include/TooN/internal/allocator.hh:102:43:   required from 'TooN::Internal::VectorAlloc<Size, Precision>::VectorAlloc() [with int Size = 13; Precision = double]'
/home/alan/bin/TooN/include/TooN/internal/vbase.hh:97:16:   required from 'TooN::Internal::GenericVBase<Size, Precision, Stride, Mem>::GenericVBase() [with int Size = 13; Precision = double; int Stride = 1; Mem = TooN::Internal::VectorAlloc<13, double>]'
/home/alan/bin/TooN/include/TooN/internal/vbase.hh:73:12:   required from 'TooN::Internal::VBase::VLayout<Size, Precision>::VLayout() [with int Size = 13; Precision = double]'
/home/alan/bin/TooN/include/TooN/internal/vector.hh:142:17:   required from 'TooN::Vector<Size, Precision, Base>::Vector() [with int Size = 13; Precision = double; Base = TooN::Internal::VBase]'
/home/alan/bin/TooN/include/TooN/internal/make_vector.hh:257:14:   required from here
/home/alan/bin/TooN/include/TooN/internal/allocator.hh:69:3: error: 'debug_initialize' was not declared in this scope, and no declarations were found by argument-dependent lookup at the point of instantiation [-fpermissive]
In file included from /home/alan/bin/TooN/include/TooN/TooN.h:88:0,
                 from conftest.cpp:1:
/home/alan/bin/TooN/include/TooN/internal/debug.hh:94:33: note: 'template<class P> void TooN::Internal::debug_initialize(P*, int)' declared here, later in the translation unit
In file included from /home/alan/bin/TooN/include/TooN/TooN.h:84:0,
                 from conftest.cpp:1:
/home/alan/bin/TooN/include/TooN/internal/allocator.hh: In instantiation of 'TooN::Internal::StackOrHeap<Size, double, false>::StackOrHeap() [with int Size = 14]':
/home/alan/bin/TooN/include/TooN/internal/allocator.hh:102:43:   required from 'TooN::Internal::VectorAlloc<Size, Precision>::VectorAlloc() [with int Size = 14; Precision = double]'
/home/alan/bin/TooN/include/TooN/internal/vbase.hh:97:16:   required from 'TooN::Internal::GenericVBase<Size, Precision, Stride, Mem>::GenericVBase() [with int Size = 14; Precision = double; int Stride = 1; Mem = TooN::Internal::VectorAlloc<14, double>]'
/home/alan/bin/TooN/include/TooN/internal/vbase.hh:73:12:   required from 'TooN::Internal::VBase::VLayout<Size, Precision>::VLayout() [with int Size = 14; Precision = double]'
/home/alan/bin/TooN/include/TooN/internal/vector.hh:142:17:   required from 'TooN::Vector<Size, Precision, Base>::Vector() [with int Size = 14; Precision = double; Base = TooN::Internal::VBase]'
/home/alan/bin/TooN/include/TooN/internal/make_vector.hh:291:14:   required from here
/home/alan/bin/TooN/include/TooN/internal/allocator.hh:69:3: error: 'debug_initialize' was not declared in this scope, and no declarations were found by argument-dependent lookup at the point of instantiation [-fpermissive]
In file included from /home/alan/bin/TooN/include/TooN/TooN.h:88:0,
                 from conftest.cpp:1:
/home/alan/bin/TooN/include/TooN/internal/debug.hh:94:33: note: 'template<class P> void TooN::Internal::debug_initialize(P*, int)' declared here, later in the translation unit
In file included from /home/alan/bin/TooN/include/TooN/TooN.h:84:0,
                 from conftest.cpp:1:
/home/alan/bin/TooN/include/TooN/internal/allocator.hh: In instantiation of 'TooN::Internal::StackOrHeap<Size, double, false>::StackOrHeap() [with int Size = 15]':
/home/alan/bin/TooN/include/TooN/internal/allocator.hh:102:43:   required from 'TooN::Internal::VectorAlloc<Size, Precision>::VectorAlloc() [with int Size = 15; Precision = double]'
/home/alan/bin/TooN/include/TooN/internal/vbase.hh:97:16:   required from 'TooN::Internal::GenericVBase<Size, Precision, Stride, Mem>::GenericVBase() [with int Size = 15; Precision = double; int Stride = 1; Mem = TooN::Internal::VectorAlloc<15, double>]'
/home/alan/bin/TooN/include/TooN/internal/vbase.hh:73:12:   required from 'TooN::Internal::VBase::VLayout<Size, Precision>::VLayout() [with int Size = 15; Precision = double]'
/home/alan/bin/TooN/include/TooN/internal/vector.hh:142:17:   required from 'TooN::Vector<Size, Precision, Base>::Vector() [with int Size = 15; Precision = double; Base = TooN::Internal::VBase]'
/home/alan/bin/TooN/include/TooN/internal/make_vector.hh:327:14:   required from here
/home/alan/bin/TooN/include/TooN/internal/allocator.hh:69:3: error: 'debug_initialize' was not declared in this scope, and no declarations were found by argument-dependent lookup at the point of instantiation [-fpermissive]
In file included from /home/alan/bin/TooN/include/TooN/TooN.h:88:0,
                 from conftest.cpp:1:
/home/alan/bin/TooN/include/TooN/internal/debug.hh:94:33: note: 'template<class P> void TooN::Internal::debug_initialize(P*, int)' declared here, later in the translation unit
In file included from /home/alan/bin/TooN/include/TooN/TooN.h:84:0,
                 from conftest.cpp:1:
/home/alan/bin/TooN/include/TooN/internal/allocator.hh: In instantiation of 'TooN::Internal::StackOrHeap<Size, double, false>::StackOrHeap() [with int Size = 16]':
/home/alan/bin/TooN/include/TooN/internal/allocator.hh:102:43:   required from 'TooN::Internal::VectorAlloc<Size, Precision>::VectorAlloc() [with int Size = 16; Precision = double]'
/home/alan/bin/TooN/include/TooN/internal/vbase.hh:97:16:   required from 'TooN::Internal::GenericVBase<Size, Precision, Stride, Mem>::GenericVBase() [with int Size = 16; Precision = double; int Stride = 1; Mem = TooN::Internal::VectorAlloc<16, double>]'
/home/alan/bin/TooN/include/TooN/internal/vbase.hh:73:12:   required from 'TooN::Internal::VBase::VLayout<Size, Precision>::VLayout() [with int Size = 16; Precision = double]'
/home/alan/bin/TooN/include/TooN/internal/vector.hh:142:17:   required from 'TooN::Vector<Size, Precision, Base>::Vector() [with int Size = 16; Precision = double; Base = TooN::Internal::VBase]'
/home/alan/bin/TooN/include/TooN/internal/make_vector.hh:365:14:   required from here
/home/alan/bin/TooN/include/TooN/internal/allocator.hh:69:3: error: 'debug_initialize' was not declared in this scope, and no declarations were found by argument-dependent lookup at the point of instantiation [-fpermissive]
In file included from /home/alan/bin/TooN/include/TooN/TooN.h:88:0,
                 from conftest.cpp:1:
/home/alan/bin/TooN/include/TooN/internal/debug.hh:94:33: note: 'template<class P> void TooN::Internal::debug_initialize(P*, int)' declared here, later in the translation unit
In file included from /home/alan/bin/TooN/include/TooN/TooN.h:84:0,
                 from conftest.cpp:1:
/home/alan/bin/TooN/include/TooN/internal/allocator.hh: In instantiation of 'TooN::Internal::StackOrHeap<Size, double, false>::StackOrHeap() [with int Size = 17]':
/home/alan/bin/TooN/include/TooN/internal/allocator.hh:102:43:   required from 'TooN::Internal::VectorAlloc<Size, Precision>::VectorAlloc() [with int Size = 17; Precision = double]'
/home/alan/bin/TooN/include/TooN/internal/vbase.hh:97:16:   required from 'TooN::Internal::GenericVBase<Size, Precision, Stride, Mem>::GenericVBase() [with int Size = 17; Precision = double; int Stride = 1; Mem = TooN::Internal::VectorAlloc<17, double>]'
/home/alan/bin/TooN/include/TooN/internal/vbase.hh:73:12:   required from 'TooN::Internal::VBase::VLayout<Size, Precision>::VLayout() [with int Size = 17; Precision = double]'
/home/alan/bin/TooN/include/TooN/internal/vector.hh:142:17:   required from 'TooN::Vector<Size, Precision, Base>::Vector() [with int Size = 17; Precision = double; Base = TooN::Internal::VBase]'
/home/alan/bin/TooN/include/TooN/internal/make_vector.hh:405:14:   required from here
/home/alan/bin/TooN/include/TooN/internal/allocator.hh:69:3: error: 'debug_initialize' was not declared in this scope, and no declarations were found by argument-dependent lookup at the point of instantiation [-fpermissive]
In file included from /home/alan/bin/TooN/include/TooN/TooN.h:88:0,
                 from conftest.cpp:1:
/home/alan/bin/TooN/include/TooN/internal/debug.hh:94:33: note: 'template<class P> void TooN::Internal::debug_initialize(P*, int)' declared here, later in the translation unit
In file included from /home/alan/bin/TooN/include/TooN/TooN.h:84:0,
                 from conftest.cpp:1:
/home/alan/bin/TooN/include/TooN/internal/allocator.hh: In instantiation of 'TooN::Internal::StackOrHeap<Size, double, false>::StackOrHeap() [with int Size = 18]':
/home/alan/bin/TooN/include/TooN/internal/allocator.hh:102:43:   required from 'TooN::Internal::VectorAlloc<Size, Precision>::VectorAlloc() [with int Size = 18; Precision = double]'
/home/alan/bin/TooN/include/TooN/internal/vbase.hh:97:16:   required from 'TooN::Internal::GenericVBase<Size, Precision, Stride, Mem>::GenericVBase() [with int Size = 18; Precision = double; int Stride = 1; Mem = TooN::Internal::VectorAlloc<18, double>]'
/home/alan/bin/TooN/include/TooN/internal/vbase.hh:73:12:   required from 'TooN::Internal::VBase::VLayout<Size, Precision>::VLayout() [with int Size = 18; Precision = double]'
/home/alan/bin/TooN/include/TooN/internal/vector.hh:142:17:   required from 'TooN::Vector<Size, Precision, Base>::Vector() [with int Size = 18; Precision = double; Base = TooN::Internal::VBase]'
/home/alan/bin/TooN/include/TooN/internal/make_vector.hh:447:14:   required from here
/home/alan/bin/TooN/include/TooN/internal/allocator.hh:69:3: error: 'debug_initialize' was not declared in this scope, and no declarations were found by argument-dependent lookup at the point of instantiation [-fpermissive]
In file included from /home/alan/bin/TooN/include/TooN/TooN.h:88:0,
                 from conftest.cpp:1:
/home/alan/bin/TooN/include/TooN/internal/debug.hh:94:33: note: 'template<class P> void TooN::Internal::debug_initialize(P*, int)' declared here, later in the translation unit
In file included from /home/alan/bin/TooN/include/TooN/TooN.h:84:0,
                 from conftest.cpp:1:
/home/alan/bin/TooN/include/TooN/internal/allocator.hh: In instantiation of 'TooN::Internal::StackOrHeap<Size, double, false>::StackOrHeap() [with int Size = 19]':
/home/alan/bin/TooN/include/TooN/internal/allocator.hh:102:43:   required from 'TooN::Internal::VectorAlloc<Size, Precision>::VectorAlloc() [with int Size = 19; Precision = double]'
/home/alan/bin/TooN/include/TooN/internal/vbase.hh:97:16:   required from 'TooN::Internal::GenericVBase<Size, Precision, Stride, Mem>::GenericVBase() [with int Size = 19; Precision = double; int Stride = 1; Mem = TooN::Internal::VectorAlloc<19, double>]'
/home/alan/bin/TooN/include/TooN/internal/vbase.hh:73:12:   required from 'TooN::Internal::VBase::VLayout<Size, Precision>::VLayout() [with int Size = 19; Precision = double]'
/home/alan/bin/TooN/include/TooN/internal/vector.hh:142:17:   required from 'TooN::Vector<Size, Precision, Base>::Vector() [with int Size = 19; Precision = double; Base = TooN::Internal::VBase]'
/home/alan/bin/TooN/include/TooN/internal/make_vector.hh:491:14:   required from here
/home/alan/bin/TooN/include/TooN/internal/allocator.hh:69:3: error: 'debug_initialize' was not declared in this scope, and no declarations were found by argument-dependent lookup at the point of instantiation [-fpermissive]
In file included from /home/alan/bin/TooN/include/TooN/TooN.h:88:0,
                 from conftest.cpp:1:
/home/alan/bin/TooN/include/TooN/internal/debug.hh:94:33: note: 'template<class P> void TooN::Internal::debug_initialize(P*, int)' declared here, later in the translation unit
In file included from /home/alan/bin/TooN/include/TooN/TooN.h:84:0,
                 from conftest.cpp:1:
/home/alan/bin/TooN/include/TooN/internal/allocator.hh: In instantiation of 'TooN::Internal::StackOrHeap<Size, double, false>::StackOrHeap() [with int Size = 20]':
/home/alan/bin/TooN/include/TooN/internal/allocator.hh:102:43:   required from 'TooN::Internal::VectorAlloc<Size, Precision>::VectorAlloc() [with int Size = 20; Precision = double]'
/home/alan/bin/TooN/include/TooN/internal/vbase.hh:97:16:   required from 'TooN::Internal::GenericVBase<Size, Precision, Stride, Mem>::GenericVBase() [with int Size = 20; Precision = double; int Stride = 1; Mem = TooN::Internal::VectorAlloc<20, double>]'
/home/alan/bin/TooN/include/TooN/internal/vbase.hh:73:12:   required from 'TooN::Internal::VBase::VLayout<Size, Precision>::VLayout() [with int Size = 20; Precision = double]'
/home/alan/bin/TooN/include/TooN/internal/vector.hh:142:17:   required from 'TooN::Vector<Size, Precision, Base>::Vector() [with int Size = 20; Precision = double; Base = TooN::Internal::VBase]'
/home/alan/bin/TooN/include/TooN/internal/make_vector.hh:537:14:   required from here
/home/alan/bin/TooN/include/TooN/internal/allocator.hh:69:3: error: 'debug_initialize' was not declared in this scope, and no declarations were found by argument-dependent lookup at the point of instantiation [-fpermissive]
In file included from /home/alan/bin/TooN/include/TooN/TooN.h:88:0,
                 from conftest.cpp:1:
/home/alan/bin/TooN/include/TooN/internal/debug.hh:94:33: note: 'template<class P> void TooN::Internal::debug_initialize(P*, int)' declared here, later in the translation unit
In file included from /home/alan/bin/TooN/include/TooN/TooN.h:84:0,
                 from conftest.cpp:1:
/home/alan/bin/TooN/include/TooN/internal/allocator.hh: In instantiation of 'TooN::Internal::StackOrHeap<Size, double, false>::StackOrHeap() [with int Size = 21]':
/home/alan/bin/TooN/include/TooN/internal/allocator.hh:102:43:   required from 'TooN::Internal::VectorAlloc<Size, Precision>::VectorAlloc() [with int Size = 21; Precision = double]'
/home/alan/bin/TooN/include/TooN/internal/vbase.hh:97:16:   required from 'TooN::Internal::GenericVBase<Size, Precision, Stride, Mem>::GenericVBase() [with int Size = 21; Precision = double; int Stride = 1; Mem = TooN::Internal::VectorAlloc<21, double>]'
/home/alan/bin/TooN/include/TooN/internal/vbase.hh:73:12:   required from 'TooN::Internal::VBase::VLayout<Size, Precision>::VLayout() [with int Size = 21; Precision = double]'
/home/alan/bin/TooN/include/TooN/internal/vector.hh:142:17:   required from 'TooN::Vector<Size, Precision, Base>::Vector() [with int Size = 21; Precision = double; Base = TooN::Internal::VBase]'
/home/alan/bin/TooN/include/TooN/internal/make_vector.hh:585:14:   required from here
/home/alan/bin/TooN/include/TooN/internal/allocator.hh:69:3: error: 'debug_initialize' was not declared in this scope, and no declarations were found by argument-dependent lookup at the point of instantiation [-fpermissive]
In file included from /home/alan/bin/TooN/include/TooN/TooN.h:88:0,
                 from conftest.cpp:1:
/home/alan/bin/TooN/include/TooN/internal/debug.hh:94:33: note: 'template<class P> void TooN::Internal::debug_initialize(P*, int)' declared here, later in the translation unit
In file included from /home/alan/bin/TooN/include/TooN/TooN.h:84:0,
                 from conftest.cpp:1:
/home/alan/bin/TooN/include/TooN/internal/allocator.hh: In instantiation of 'TooN::Internal::StackOrHeap<Size, double, false>::StackOrHeap() [with int Size = 22]':
/home/alan/bin/TooN/include/TooN/internal/allocator.hh:102:43:   required from 'TooN::Internal::VectorAlloc<Size, Precision>::VectorAlloc() [with int Size = 22; Precision = double]'
/home/alan/bin/TooN/include/TooN/internal/vbase.hh:97:16:   required from 'TooN::Internal::GenericVBase<Size, Precision, Stride, Mem>::GenericVBase() [with int Size = 22; Precision = double; int Stride = 1; Mem = TooN::Internal::VectorAlloc<22, double>]'
/home/alan/bin/TooN/include/TooN/internal/vbase.hh:73:12:   required from 'TooN::Internal::VBase::VLayout<Size, Precision>::VLayout() [with int Size = 22; Precision = double]'
/home/alan/bin/TooN/include/TooN/internal/vector.hh:142:17:   required from 'TooN::Vector<Size, Precision, Base>::Vector() [with int Size = 22; Precision = double; Base = TooN::Internal::VBase]'
/home/alan/bin/TooN/include/TooN/internal/make_vector.hh:635:14:   required from here
/home/alan/bin/TooN/include/TooN/internal/allocator.hh:69:3: error: 'debug_initialize' was not declared in this scope, and no declarations were found by argument-dependent lookup at the point of instantiation [-fpermissive]
In file included from /home/alan/bin/TooN/include/TooN/TooN.h:88:0,
                 from conftest.cpp:1:
/home/alan/bin/TooN/include/TooN/internal/debug.hh:94:33: note: 'template<class P> void TooN::Internal::debug_initialize(P*, int)' declared here, later in the translation unit
In file included from /home/alan/bin/TooN/include/TooN/TooN.h:84:0,
                 from conftest.cpp:1:
/home/alan/bin/TooN/include/TooN/internal/allocator.hh: In instantiation of 'TooN::Internal::StackOrHeap<Size, double, false>::StackOrHeap() [with int Size = 23]':
/home/alan/bin/TooN/include/TooN/internal/allocator.hh:102:43:   required from 'TooN::Internal::VectorAlloc<Size, Precision>::VectorAlloc() [with int Size = 23; Precision = double]'
/home/alan/bin/TooN/include/TooN/internal/vbase.hh:97:16:   required from 'TooN::Internal::GenericVBase<Size, Precision, Stride, Mem>::GenericVBase() [with int Size = 23; Precision = double; int Stride = 1; Mem = TooN::Internal::VectorAlloc<23, double>]'
/home/alan/bin/TooN/include/TooN/internal/vbase.hh:73:12:   required from 'TooN::Internal::VBase::VLayout<Size, Precision>::VLayout() [with int Size = 23; Precision = double]'
/home/alan/bin/TooN/include/TooN/internal/vector.hh:142:17:   required from 'TooN::Vector<Size, Precision, Base>::Vector() [with int Size = 23; Precision = double; Base = TooN::Internal::VBase]'
/home/alan/bin/TooN/include/TooN/internal/make_vector.hh:687:14:   required from here
/home/alan/bin/TooN/include/TooN/internal/allocator.hh:69:3: error: 'debug_initialize' was not declared in this scope, and no declarations were found by argument-dependent lookup at the point of instantiation [-fpermissive]
In file included from /home/alan/bin/TooN/include/TooN/TooN.h:88:0,
                 from conftest.cpp:1:
/home/alan/bin/TooN/include/TooN/internal/debug.hh:94:33: note: 'template<class P> void TooN::Internal::debug_initialize(P*, int)' declared here, later in the translation unit
In file included from /home/alan/bin/TooN/include/TooN/TooN.h:84:0,
                 from conftest.cpp:1:
/home/alan/bin/TooN/include/TooN/internal/allocator.hh: In instantiation of 'TooN::Internal::StackOrHeap<Size, double, false>::StackOrHeap() [with int Size = 24]':
/home/alan/bin/TooN/include/TooN/internal/allocator.hh:102:43:   required from 'TooN::Internal::VectorAlloc<Size, Precision>::VectorAlloc() [with int Size = 24; Precision = double]'
/home/alan/bin/TooN/include/TooN/internal/vbase.hh:97:16:   required from 'TooN::Internal::GenericVBase<Size, Precision, Stride, Mem>::GenericVBase() [with int Size = 24; Precision = double; int Stride = 1; Mem = TooN::Internal::VectorAlloc<24, double>]'
/home/alan/bin/TooN/include/TooN/internal/vbase.hh:73:12:   required from 'TooN::Internal::VBase::VLayout<Size, Precision>::VLayout() [with int Size = 24; Precision = double]'
/home/alan/bin/TooN/include/TooN/internal/vector.hh:142:17:   required from 'TooN::Vector<Size, Precision, Base>::Vector() [with int Size = 24; Precision = double; Base = TooN::Internal::VBase]'
/home/alan/bin/TooN/include/TooN/internal/make_vector.hh:741:14:   required from here
/home/alan/bin/TooN/include/TooN/internal/allocator.hh:69:3: error: 'debug_initialize' was not declared in this scope, and no declarations were found by argument-dependent lookup at the point of instantiation [-fpermissive]
In file included from /home/alan/bin/TooN/include/TooN/TooN.h:88:0,
                 from conftest.cpp:1:
/home/alan/bin/TooN/include/TooN/internal/debug.hh:94:33: note: 'template<class P> void TooN::Internal::debug_initialize(P*, int)' declared here, later in the translation unit
In file included from /home/alan/bin/TooN/include/TooN/TooN.h:84:0,
                 from conftest.cpp:1:
/home/alan/bin/TooN/include/TooN/internal/allocator.hh: In instantiation of 'TooN::Internal::StackOrHeap<Size, double, false>::StackOrHeap() [with int Size = 25]':
/home/alan/bin/TooN/include/TooN/internal/allocator.hh:102:43:   required from 'TooN::Internal::VectorAlloc<Size, Precision>::VectorAlloc() [with int Size = 25; Precision = double]'
/home/alan/bin/TooN/include/TooN/internal/vbase.hh:97:16:   required from 'TooN::Internal::GenericVBase<Size, Precision, Stride, Mem>::GenericVBase() [with int Size = 25; Precision = double; int Stride = 1; Mem = TooN::Internal::VectorAlloc<25, double>]'
/home/alan/bin/TooN/include/TooN/internal/vbase.hh:73:12:   required from 'TooN::Internal::VBase::VLayout<Size, Precision>::VLayout() [with int Size = 25; Precision = double]'
/home/alan/bin/TooN/include/TooN/internal/vector.hh:142:17:   required from 'TooN::Vector<Size, Precision, Base>::Vector() [with int Size = 25; Precision = double; Base = TooN::Internal::VBase]'
/home/alan/bin/TooN/include/TooN/internal/make_vector.hh:797:14:   required from here
/home/alan/bin/TooN/include/TooN/internal/allocator.hh:69:3: error: 'debug_initialize' was not declared in this scope, and no declarations were found by argument-dependent lookup at the point of instantiation [-fpermissive]
In file included from /home/alan/bin/TooN/include/TooN/TooN.h:88:0,
                 from conftest.cpp:1:
/home/alan/bin/TooN/include/TooN/internal/debug.hh:94:33: note: 'template<class P> void TooN::Internal::debug_initialize(P*, int)' declared here, later in the translation unit
In file included from /home/alan/bin/TooN/include/TooN/TooN.h:84:0,
                 from conftest.cpp:1:
/home/alan/bin/TooN/include/TooN/internal/allocator.hh: In instantiation of 'TooN::Internal::StackOrHeap<Size, double, false>::StackOrHeap() [with int Size = 26]':
/home/alan/bin/TooN/include/TooN/internal/allocator.hh:102:43:   required from 'TooN::Internal::VectorAlloc<Size, Precision>::VectorAlloc() [with int Size = 26; Precision = double]'
/home/alan/bin/TooN/include/TooN/internal/vbase.hh:97:16:   required from 'TooN::Internal::GenericVBase<Size, Precision, Stride, Mem>::GenericVBase() [with int Size = 26; Precision = double; int Stride = 1; Mem = TooN::Internal::VectorAlloc<26, double>]'
/home/alan/bin/TooN/include/TooN/internal/vbase.hh:73:12:   required from 'TooN::Internal::VBase::VLayout<Size, Precision>::VLayout() [with int Size = 26; Precision = double]'
/home/alan/bin/TooN/include/TooN/internal/vector.hh:142:17:   required from 'TooN::Vector<Size, Precision, Base>::Vector() [with int Size = 26; Precision = double; Base = TooN::Internal::VBase]'
/home/alan/bin/TooN/include/TooN/internal/make_vector.hh:855:14:   required from here
/home/alan/bin/TooN/include/TooN/internal/allocator.hh:69:3: error: 'debug_initialize' was not declared in this scope, and no declarations were found by argument-dependent lookup at the point of instantiation [-fpermissive]
In file included from /home/alan/bin/TooN/include/TooN/TooN.h:88:0,
                 from conftest.cpp:1:
/home/alan/bin/TooN/include/TooN/internal/debug.hh:94:33: note: 'template<class P> void TooN::Internal::debug_initialize(P*, int)' declared here, later in the translation unit
In file included from /home/alan/bin/TooN/include/TooN/TooN.h:84:0,
                 from conftest.cpp:1:
/home/alan/bin/TooN/include/TooN/internal/allocator.hh: In instantiation of 'TooN::Internal::StackOrHeap<Size, double, false>::StackOrHeap() [with int Size = 27]':
/home/alan/bin/TooN/include/TooN/internal/allocator.hh:102:43:   required from 'TooN::Internal::VectorAlloc<Size, Precision>::VectorAlloc() [with int Size = 27; Precision = double]'
/home/alan/bin/TooN/include/TooN/internal/vbase.hh:97:16:   required from 'TooN::Internal::GenericVBase<Size, Precision, Stride, Mem>::GenericVBase() [with int Size = 27; Precision = double; int Stride = 1; Mem = TooN::Internal::VectorAlloc<27, double>]'
/home/alan/bin/TooN/include/TooN/internal/vbase.hh:73:12:   required from 'TooN::Internal::VBase::VLayout<Size, Precision>::VLayout() [with int Size = 27; Precision = double]'
/home/alan/bin/TooN/include/TooN/internal/vector.hh:142:17:   required from 'TooN::Vector<Size, Precision, Base>::Vector() [with int Size = 27; Precision = double; Base = TooN::Internal::VBase]'
/home/alan/bin/TooN/include/TooN/internal/make_vector.hh:915:14:   required from here
/home/alan/bin/TooN/include/TooN/internal/allocator.hh:69:3: error: 'debug_initialize' was not declared in this scope, and no declarations were found by argument-dependent lookup at the point of instantiation [-fpermissive]
In file included from /home/alan/bin/TooN/include/TooN/TooN.h:88:0,
                 from conftest.cpp:1:
/home/alan/bin/TooN/include/TooN/internal/debug.hh:94:33: note: 'template<class P> void TooN::Internal::debug_initialize(P*, int)' declared here, later in the translation unit
In file included from /home/alan/bin/TooN/include/TooN/TooN.h:84:0,
                 from conftest.cpp:1:
/home/alan/bin/TooN/include/TooN/internal/allocator.hh: In instantiation of 'TooN::Internal::StackOrHeap<Size, double, false>::StackOrHeap() [with int Size = 28]':
/home/alan/bin/TooN/include/TooN/internal/allocator.hh:102:43:   required from 'TooN::Internal::VectorAlloc<Size, Precision>::VectorAlloc() [with int Size = 28; Precision = double]'
/home/alan/bin/TooN/include/TooN/internal/vbase.hh:97:16:   required from 'TooN::Internal::GenericVBase<Size, Precision, Stride, Mem>::GenericVBase() [with int Size = 28; Precision = double; int Stride = 1; Mem = TooN::Internal::VectorAlloc<28, double>]'
/home/alan/bin/TooN/include/TooN/internal/vbase.hh:73:12:   required from 'TooN::Internal::VBase::VLayout<Size, Precision>::VLayout() [with int Size = 28; Precision = double]'
/home/alan/bin/TooN/include/TooN/internal/vector.hh:142:17:   required from 'TooN::Vector<Size, Precision, Base>::Vector() [with int Size = 28; Precision = double; Base = TooN::Internal::VBase]'
/home/alan/bin/TooN/include/TooN/internal/make_vector.hh:977:14:   required from here
/home/alan/bin/TooN/include/TooN/internal/allocator.hh:69:3: error: 'debug_initialize' was not declared in this scope, and no declarations were found by argument-dependent lookup at the point of instantiation [-fpermissive]
In file included from /home/alan/bin/TooN/include/TooN/TooN.h:88:0,
                 from conftest.cpp:1:
/home/alan/bin/TooN/include/TooN/internal/debug.hh:94:33: note: 'template<class P> void TooN::Internal::debug_initialize(P*, int)' declared here, later in the translation unit
In file included from /home/alan/bin/TooN/include/TooN/TooN.h:84:0,
                 from conftest.cpp:1:
/home/alan/bin/TooN/include/TooN/internal/allocator.hh: In instantiation of 'TooN::Internal::StackOrHeap<Size, double, false>::StackOrHeap() [with int Size = 29]':
/home/alan/bin/TooN/include/TooN/internal/allocator.hh:102:43:   required from 'TooN::Internal::VectorAlloc<Size, Precision>::VectorAlloc() [with int Size = 29; Precision = double]'
/home/alan/bin/TooN/include/TooN/internal/vbase.hh:97:16:   required from 'TooN::Internal::GenericVBase<Size, Precision, Stride, Mem>::GenericVBase() [with int Size = 29; Precision = double; int Stride = 1; Mem = TooN::Internal::VectorAlloc<29, double>]'
/home/alan/bin/TooN/include/TooN/internal/vbase.hh:73:12:   required from 'TooN::Internal::VBase::VLayout<Size, Precision>::VLayout() [with int Size = 29; Precision = double]'
/home/alan/bin/TooN/include/TooN/internal/vector.hh:142:17:   required from 'TooN::Vector<Size, Precision, Base>::Vector() [with int Size = 29; Precision = double; Base = TooN::Internal::VBase]'
/home/alan/bin/TooN/include/TooN/internal/make_vector.hh:1041:14:   required from here
/home/alan/bin/TooN/include/TooN/internal/allocator.hh:69:3: error: 'debug_initialize' was not declared in this scope, and no declarations were found by argument-dependent lookup at the point of instantiation [-fpermissive]
In file included from /home/alan/bin/TooN/include/TooN/TooN.h:88:0,
                 from conftest.cpp:1:
/home/alan/bin/TooN/include/TooN/internal/debug.hh:94:33: note: 'template<class P> void TooN::Internal::debug_initialize(P*, int)' declared here, later in the translation unit
In file included from /home/alan/bin/TooN/include/TooN/TooN.h:84:0,
                 from conftest.cpp:1:
/home/alan/bin/TooN/include/TooN/internal/allocator.hh: In instantiation of 'TooN::Internal::StackOrHeap<Size, double, false>::StackOrHeap() [with int Size = 30]':
/home/alan/bin/TooN/include/TooN/internal/allocator.hh:102:43:   required from 'TooN::Internal::VectorAlloc<Size, Precision>::VectorAlloc() [with int Size = 30; Precision = double]'
/home/alan/bin/TooN/include/TooN/internal/vbase.hh:97:16:   required from 'TooN::Internal::GenericVBase<Size, Precision, Stride, Mem>::GenericVBase() [with int Size = 30; Precision = double; int Stride = 1; Mem = TooN::Internal::VectorAlloc<30, double>]'
/home/alan/bin/TooN/include/TooN/internal/vbase.hh:73:12:   required from 'TooN::Internal::VBase::VLayout<Size, Precision>::VLayout() [with int Size = 30; Precision = double]'
/home/alan/bin/TooN/include/TooN/internal/vector.hh:142:17:   required from 'TooN::Vector<Size, Precision, Base>::Vector() [with int Size = 30; Precision = double; Base = TooN::Internal::VBase]'
/home/alan/bin/TooN/include/TooN/internal/make_vector.hh:1107:14:   required from here
/home/alan/bin/TooN/include/TooN/internal/allocator.hh:69:3: error: 'debug_initialize' was not declared in this scope, and no declarations were found by argument-dependent lookup at the point of instantiation [-fpermissive]
In file included from /home/alan/bin/TooN/include/TooN/TooN.h:88:0,
                 from conftest.cpp:1:
/home/alan/bin/TooN/include/TooN/internal/debug.hh:94:33: note: 'template<class P> void TooN::Internal::debug_initialize(P*, int)' declared here, later in the translation unit
In file included from /home/alan/bin/TooN/include/TooN/TooN.h:100:0,
                 from conftest.cpp:1:
/home/alan/bin/TooN/include/TooN/internal/objects.h:488:33: warning: 'TooN::Zeros' defined but not used [-Wunused-variable]
configure:8417: $? = 1
configure: failed program was:
| #include <TooN/TooN.h>
| 	using namespace TooN;
| 	int main()
| 	{
| 		Matrix<> m1(10,10);
| 		Matrix<3,3> m2;
| 		m1.slice(0,0,3,3) += m2;
| 		return 0;
| 	}
configure:8428: result: yes
configure:8439: WARNING: Your version of TooN is too old for this version of GCC.
You need a recent version (SNAPSHOT_20080725 or later), or GCC version
less than 4.2.0.
		
configure:8493: checking for dgesvd_ in -lacml
configure:8528: g++ -o conftest -D_REENTRANT -fomit-frame-pointer -Wall -Wextra -pipe -ggdb -fPIC -mmmx -msse -msse -msse2 -msse3  -I /home/alan/bin/TooN/include/  -I/home/alan/bin/libcvd_2009/include  conftest.cpp -lacml  -lGLU -lGL -ldc1394  -L -lX11 -lXext -L/opt/acml/gnu64/lib -lacml_mv >&5
/usr/bin/ld: cannot find -lacml
/usr/bin/ld: cannot find -lacml_mv
collect2: error: ld returned 1 exit status
configure:8534: $? = 1
configure: failed program was:
| /* confdefs.h.  */
| #define PACKAGE_NAME "CVD"
| #define PACKAGE_TARNAME "cvd"
| #define PACKAGE_VERSION "0.7"
| #define PACKAGE_STRING "CVD 0.7"
| #define PACKAGE_BUGREPORT ""
| #define STDC_HEADERS 1
| #define CVD_MAJOR_VERSION 0
| #define CVD_MINOR_VERSION 7
| #define HAVE_SYS_TYPES_H 1
| #define HAVE_SYS_STAT_H 1
| #define HAVE_STDLIB_H 1
| #define HAVE_STRING_H 1
| #define HAVE_MEMORY_H 1
| #define HAVE_STRINGS_H 1
| #define HAVE_INTTYPES_H 1
| #define HAVE_STDINT_H 1
| #define HAVE_UNISTD_H 1
| #define CVD_ARCH_LITTLE_ENDIAN 1
| #define CVD_HAVE_MMX 1
| #define CVD_HAVE_MMXEXT 1
| #define CVD_HAVE_SSE 1
| #define CVD_HAVE_SSE2 1
| #define CVD_HAVE_SSE3 1
| #define SIZEOF_VOIDP 4
| #define CVD_HAVE_INLINE_ASM 1
| #define CVD_HAVE_ASSEMBLER 1
| #define HAVE_DC1394_DC1394_H 1
| #define HAVE_LIBDC1394 1
| #define CVD_HAVE_DC1394V2 1
| #define HAVE_LIBRAW1394_RAW1394_H 1
| #define HAVE_LIBRAW1394 1
| #define CVD_HAVE_DVBUFFER3 1
| #define CVD_HAVE_V4L2BUFFER 1
| #define CVD_KERNEL_MAJOR 3
| #define CVD_KERNEL_MINOR 8
| #define CVD_KERNEL_RELEASE 0
| #define HAVE_LIBGL 1
| #define HAVE_GL_GLU_H 1
| #define HAVE_LIBGLU 1
| #define CVD_HAVE_VIDEODISPLAY 1
| #define CVD_HAVE_TR1_SHARED_PTR 1
| /* end confdefs.h.  */
| 
| /* Override any GCC internal prototype to avoid an error.
|    Use char because int might match the return type of a GCC
|    builtin and then its argument prototype would still apply.  */
| #ifdef __cplusplus
| extern "C"
| #endif
| char dgesvd_ ();
| int
| main ()
| {
| return dgesvd_ ();
|   ;
|   return 0;
| }
configure:8552: result: no
configure:8605: checking if Accelerate framework is needed for LAPACK
configure:8607: result: 
configure:8610: checking for dgesvd_
configure:8666: g++ -o conftest -D_REENTRANT -fomit-frame-pointer -Wall -Wextra -pipe -ggdb -fPIC -mmmx -msse -msse -msse2 -msse3  -I /home/alan/bin/TooN/include/  -I/home/alan/bin/libcvd_2009/include  conftest.cpp -lGLU -lGL -ldc1394  -L -lX11 -lXext -framework Accelerate >&5
g++: error: unrecognized command line option '-framework'
g++: error: Accelerate: No such file or directory
configure:8672: $? = 1
configure: failed program was:
| /* confdefs.h.  */
| #define PACKAGE_NAME "CVD"
| #define PACKAGE_TARNAME "cvd"
| #define PACKAGE_VERSION "0.7"
| #define PACKAGE_STRING "CVD 0.7"
| #define PACKAGE_BUGREPORT ""
| #define STDC_HEADERS 1
| #define CVD_MAJOR_VERSION 0
| #define CVD_MINOR_VERSION 7
| #define HAVE_SYS_TYPES_H 1
| #define HAVE_SYS_STAT_H 1
| #define HAVE_STDLIB_H 1
| #define HAVE_STRING_H 1
| #define HAVE_MEMORY_H 1
| #define HAVE_STRINGS_H 1
| #define HAVE_INTTYPES_H 1
| #define HAVE_STDINT_H 1
| #define HAVE_UNISTD_H 1
| #define CVD_ARCH_LITTLE_ENDIAN 1
| #define CVD_HAVE_MMX 1
| #define CVD_HAVE_MMXEXT 1
| #define CVD_HAVE_SSE 1
| #define CVD_HAVE_SSE2 1
| #define CVD_HAVE_SSE3 1
| #define SIZEOF_VOIDP 4
| #define CVD_HAVE_INLINE_ASM 1
| #define CVD_HAVE_ASSEMBLER 1
| #define HAVE_DC1394_DC1394_H 1
| #define HAVE_LIBDC1394 1
| #define CVD_HAVE_DC1394V2 1
| #define HAVE_LIBRAW1394_RAW1394_H 1
| #define HAVE_LIBRAW1394 1
| #define CVD_HAVE_DVBUFFER3 1
| #define CVD_HAVE_V4L2BUFFER 1
| #define CVD_KERNEL_MAJOR 3
| #define CVD_KERNEL_MINOR 8
| #define CVD_KERNEL_RELEASE 0
| #define HAVE_LIBGL 1
| #define HAVE_GL_GLU_H 1
| #define HAVE_LIBGLU 1
| #define CVD_HAVE_VIDEODISPLAY 1
| #define CVD_HAVE_TR1_SHARED_PTR 1
| /* end confdefs.h.  */
| /* Define dgesvd_ to an innocuous variant, in case <limits.h> declares dgesvd_.
|    For example, HP-UX 11i <limits.h> declares gettimeofday.  */
| #define dgesvd_ innocuous_dgesvd_
| 
| /* System header to define __stub macros and hopefully few prototypes,
|     which can conflict with char dgesvd_ (); below.
|     Prefer <limits.h> to <assert.h> if __STDC__ is defined, since
|     <limits.h> exists even on freestanding compilers.  */
| 
| #ifdef __STDC__
| # include <limits.h>
| #else
| # include <assert.h>
| #endif
| 
| #undef dgesvd_
| 
| /* Override any GCC internal prototype to avoid an error.
|    Use char because int might match the return type of a GCC
|    builtin and then its argument prototype would still apply.  */
| #ifdef __cplusplus
| extern "C"
| #endif
| char dgesvd_ ();
| /* The GNU C library defines this for functions which it implements
|     to always fail with ENOSYS.  Some functions are actually named
|     something starting with __ and the normal name is an alias.  */
| #if defined __stub_dgesvd_ || defined __stub___dgesvd_
| choke me
| #endif
| 
| int
| main ()
| {
| return dgesvd_ ();
|   ;
|   return 0;
| }
configure:8689: result: no
configure:8737: checking for dgesvd_ in -llapack
configure:8772: g++ -o conftest -D_REENTRANT -fomit-frame-pointer -Wall -Wextra -pipe -ggdb -fPIC -mmmx -msse -msse -msse2 -msse3  -I /home/alan/bin/TooN/include/  -I/home/alan/bin/libcvd_2009/include  conftest.cpp -llapack  -lGLU -lGL -ldc1394  -L -lX11 -lXext >&5
configure:8778: $? = 0
configure:8796: result: yes
configure:9308: checking for working pthreads
configure:9321: g++ -c -D_REENTRANT -fomit-frame-pointer -Wall -Wextra -pipe -ggdb -fPIC -mmmx -msse -msse -msse2 -msse3 -pthread  -I /home/alan/bin/TooN/include/  -I/home/alan/bin/libcvd_2009/include conftest.cpp >&5
conftest.cpp: In function 'void* foo(void*)':
conftest.cpp:2:23: warning: no return statement in function returning non-void [-Wreturn-type]
conftest.cpp: In function 'int main()':
conftest.cpp:3:42: warning: null argument where non-null required (argument 1) [-Wnonnull]
configure:9327: $? = 0
configure:9332: result: yes
configure:9358: checking for pthread_yield
configure:9414: g++ -o conftest -D_REENTRANT -fomit-frame-pointer -Wall -Wextra -pipe -ggdb -fPIC -mmmx -msse -msse -msse2 -msse3 -pthread  -I /home/alan/bin/TooN/include/  -I/home/alan/bin/libcvd_2009/include  conftest.cpp -llapack -lGLU -lGL -ldc1394  -L -lX11 -lXext -pthread >&5
configure:9420: $? = 0
configure:9437: result: yes
configure:9448: checking for pthread_yield_np
configure:9504: g++ -o conftest -D_REENTRANT -fomit-frame-pointer -Wall -Wextra -pipe -ggdb -fPIC -mmmx -msse -msse -msse2 -msse3 -pthread  -I /home/alan/bin/TooN/include/  -I/home/alan/bin/libcvd_2009/include  conftest.cpp -llapack -lGLU -lGL -ldc1394  -L -lX11 -lXext -pthread >&5
/tmp/ccQ31M1A.o: In function `main':
/home/alan/ptam/PTAM/3rdparty.old/libcvd/conftest.cpp:82: undefined reference to `pthread_yield_np'
collect2: error: ld returned 1 exit status
configure:9510: $? = 1
configure: failed program was:
| /* confdefs.h.  */
| #define PACKAGE_NAME "CVD"
| #define PACKAGE_TARNAME "cvd"
| #define PACKAGE_VERSION "0.7"
| #define PACKAGE_STRING "CVD 0.7"
| #define PACKAGE_BUGREPORT ""
| #define STDC_HEADERS 1
| #define CVD_MAJOR_VERSION 0
| #define CVD_MINOR_VERSION 7
| #define HAVE_SYS_TYPES_H 1
| #define HAVE_SYS_STAT_H 1
| #define HAVE_STDLIB_H 1
| #define HAVE_STRING_H 1
| #define HAVE_MEMORY_H 1
| #define HAVE_STRINGS_H 1
| #define HAVE_INTTYPES_H 1
| #define HAVE_STDINT_H 1
| #define HAVE_UNISTD_H 1
| #define CVD_ARCH_LITTLE_ENDIAN 1
| #define CVD_HAVE_MMX 1
| #define CVD_HAVE_MMXEXT 1
| #define CVD_HAVE_SSE 1
| #define CVD_HAVE_SSE2 1
| #define CVD_HAVE_SSE3 1
| #define SIZEOF_VOIDP 4
| #define CVD_HAVE_INLINE_ASM 1
| #define CVD_HAVE_ASSEMBLER 1
| #define HAVE_DC1394_DC1394_H 1
| #define HAVE_LIBDC1394 1
| #define CVD_HAVE_DC1394V2 1
| #define HAVE_LIBRAW1394_RAW1394_H 1
| #define HAVE_LIBRAW1394 1
| #define CVD_HAVE_DVBUFFER3 1
| #define CVD_HAVE_V4L2BUFFER 1
| #define CVD_KERNEL_MAJOR 3
| #define CVD_KERNEL_MINOR 8
| #define CVD_KERNEL_RELEASE 0
| #define HAVE_LIBGL 1
| #define HAVE_GL_GLU_H 1
| #define HAVE_LIBGLU 1
| #define CVD_HAVE_VIDEODISPLAY 1
| #define CVD_HAVE_TR1_SHARED_PTR 1
| #define HAVE_LIBLAPACK 1
| #define CVD_HAVE_LAPACK 1
| #define CVD_HAVE_PTHREAD 1
| #define CVD_HAVE_PTHREAD_YIELD 1
| /* end confdefs.h.  */
| /* Define pthread_yield_np to an innocuous variant, in case <limits.h> declares pthread_yield_np.
|    For example, HP-UX 11i <limits.h> declares gettimeofday.  */
| #define pthread_yield_np innocuous_pthread_yield_np
| 
| /* System header to define __stub macros and hopefully few prototypes,
|     which can conflict with char pthread_yield_np (); below.
|     Prefer <limits.h> to <assert.h> if __STDC__ is defined, since
|     <limits.h> exists even on freestanding compilers.  */
| 
| #ifdef __STDC__
| # include <limits.h>
| #else
| # include <assert.h>
| #endif
| 
| #undef pthread_yield_np
| 
| /* Override any GCC internal prototype to avoid an error.
|    Use char because int might match the return type of a GCC
|    builtin and then its argument prototype would still apply.  */
| #ifdef __cplusplus
| extern "C"
| #endif
| char pthread_yield_np ();
| /* The GNU C library defines this for functions which it implements
|     to always fail with ENOSYS.  Some functions are actually named
|     something starting with __ and the normal name is an alias.  */
| #if defined __stub_pthread_yield_np || defined __stub___pthread_yield_np
| choke me
| #endif
| 
| int
| main ()
| {
| return pthread_yield_np ();
|   ;
|   return 0;
| }
configure:9527: result: no
configure:9586: checking png.h usability
configure:9603: g++ -c -D_REENTRANT -fomit-frame-pointer -Wall -Wextra -pipe -ggdb -fPIC -mmmx -msse -msse -msse2 -msse3 -pthread  -I /home/alan/bin/TooN/include/  -I/home/alan/bin/libcvd_2009/include conftest.cpp >&5
configure:9609: $? = 0
configure:9623: result: yes
configure:9627: checking png.h presence
configure:9642: g++ -E  -I /home/alan/bin/TooN/include/  -I/home/alan/bin/libcvd_2009/include conftest.cpp
configure:9648: $? = 0
configure:9662: result: yes
configure:9690: checking for png.h
configure:9698: result: yes
configure:9714: checking for png_init_io in -lpng
configure:9749: g++ -o conftest -D_REENTRANT -fomit-frame-pointer -Wall -Wextra -pipe -ggdb -fPIC -mmmx -msse -msse -msse2 -msse3 -pthread  -I /home/alan/bin/TooN/include/  -I/home/alan/bin/libcvd_2009/include  conftest.cpp -lpng  -llapack -lGLU -lGL -ldc1394  -L -lX11 -lXext -pthread >&5
configure:9755: $? = 0
configure:9773: result: yes
configure:9838: checking jpeglib.h usability
configure:9855: g++ -c -D_REENTRANT -fomit-frame-pointer -Wall -Wextra -pipe -ggdb -fPIC -mmmx -msse -msse -msse2 -msse3 -pthread  -I /home/alan/bin/TooN/include/  -I/home/alan/bin/libcvd_2009/include conftest.cpp >&5
configure:9861: $? = 0
configure:9875: result: yes
configure:9879: checking jpeglib.h presence
configure:9894: g++ -E  -I /home/alan/bin/TooN/include/  -I/home/alan/bin/libcvd_2009/include conftest.cpp
configure:9900: $? = 0
configure:9914: result: yes
configure:9942: checking for jpeglib.h
configure:9950: result: yes
configure:9966: checking for jpeg_destroy_decompress in -ljpeg
configure:10001: g++ -o conftest -D_REENTRANT -fomit-frame-pointer -Wall -Wextra -pipe -ggdb -fPIC -mmmx -msse -msse -msse2 -msse3 -pthread  -I /home/alan/bin/TooN/include/  -I/home/alan/bin/libcvd_2009/include  conftest.cpp -ljpeg  -lpng -llapack -lGLU -lGL -ldc1394  -L -lX11 -lXext -pthread >&5
configure:10007: $? = 0
configure:10025: result: yes
configure:10051: checking JPEG read buffer size
configure:10063: result: 1 (safe reading)
configure:10112: checking tiffio.h usability
configure:10129: g++ -c -D_REENTRANT -fomit-frame-pointer -Wall -Wextra -pipe -ggdb -fPIC -mmmx -msse -msse -msse2 -msse3 -pthread  -I /home/alan/bin/TooN/include/  -I/home/alan/bin/libcvd_2009/include conftest.cpp >&5
configure:10135: $? = 0
configure:10149: result: yes
configure:10153: checking tiffio.h presence
configure:10168: g++ -E  -I /home/alan/bin/TooN/include/  -I/home/alan/bin/libcvd_2009/include conftest.cpp
configure:10174: $? = 0
configure:10188: result: yes
configure:10216: checking for tiffio.h
configure:10224: result: yes
configure:10240: checking for TIFFReadRGBAImage in -ltiff
configure:10275: g++ -o conftest -D_REENTRANT -fomit-frame-pointer -Wall -Wextra -pipe -ggdb -fPIC -mmmx -msse -msse -msse2 -msse3 -pthread  -I /home/alan/bin/TooN/include/  -I/home/alan/bin/libcvd_2009/include  conftest.cpp -ltiff  -ljpeg -lpng -llapack -lGLU -lGL -ldc1394  -L -lX11 -lXext -pthread >&5
configure:10281: $? = 0
configure:10299: result: yes
configure:10676: checking for TIFFReadRGBAImageOriented in -ltiff
configure:10711: g++ -o conftest -D_REENTRANT -fomit-frame-pointer -Wall -Wextra -pipe -ggdb -fPIC -mmmx -msse -msse -msse2 -msse3 -pthread  -I /home/alan/bin/TooN/include/  -I/home/alan/bin/libcvd_2009/include  conftest.cpp -ltiff  -ltiff -ljpeg -lpng -llapack -lGLU -lGL -ldc1394  -L -lX11 -lXext -pthread >&5
configure:10717: $? = 0
configure:10735: result: yes
configure:11472: checking for doxygen
configure:11500: result: no
configure:11559: checking glob.h usability
configure:11576: g++ -c -D_REENTRANT -fomit-frame-pointer -Wall -Wextra -pipe -ggdb -fPIC -mmmx -msse -msse -msse2 -msse3 -pthread  -I /home/alan/bin/TooN/include/  -I/home/alan/bin/libcvd_2009/include conftest.cpp >&5
configure:11582: $? = 0
configure:11596: result: yes
configure:11600: checking glob.h presence
configure:11615: g++ -E  -I /home/alan/bin/TooN/include/  -I/home/alan/bin/libcvd_2009/include conftest.cpp
configure:11621: $? = 0
configure:11635: result: yes
configure:11663: checking for glob.h
configure:11671: result: yes
configure:11686: checking for glob
configure:11742: g++ -o conftest -D_REENTRANT -fomit-frame-pointer -Wall -Wextra -pipe -ggdb -fPIC -mmmx -msse -msse -msse2 -msse3 -pthread  -I /home/alan/bin/TooN/include/  -I/home/alan/bin/libcvd_2009/include  conftest.cpp -ltiff -ljpeg -lpng -llapack -lGLU -lGL -ldc1394  -L -lX11 -lXext -pthread >&5
configure:11748: $? = 0
configure:11765: result: yes
configure:11785: checking for GLOB_BRACE and GLOB_TILDE in glob.h
configure:11797: g++ -c -D_REENTRANT -fomit-frame-pointer -Wall -Wextra -pipe -ggdb -fPIC -mmmx -msse -msse -msse2 -msse3 -pthread  -I /home/alan/bin/TooN/include/  -I/home/alan/bin/libcvd_2009/include conftest.cpp >&5
configure:11803: $? = 0
configure:11808: result: yes
configure:11844: checking whether feenableexcept is declared
configure:11874: g++ -c -D_REENTRANT -fomit-frame-pointer -Wall -Wextra -pipe -ggdb -fPIC -mmmx -msse -msse -msse2 -msse3 -pthread  -I /home/alan/bin/TooN/include/  -I/home/alan/bin/libcvd_2009/include conftest.cpp >&5
configure:11880: $? = 0
configure:11895: result: yes
configure:11925: checking for posix_memalign
configure:11981: g++ -o conftest -D_REENTRANT -fomit-frame-pointer -Wall -Wextra -pipe -ggdb -fPIC -mmmx -msse -msse -msse2 -msse3 -pthread  -I /home/alan/bin/TooN/include/  -I/home/alan/bin/libcvd_2009/include  conftest.cpp -ltiff -ljpeg -lpng -llapack -lGLU -lGL -ldc1394  -L -lX11 -lXext -pthread >&5
configure:11987: $? = 0
configure:12004: result: yes
configure:12449: creating ./config.status

## ---------------------- ##
## Running config.status. ##
## ---------------------- ##

This file was extended by CVD config.status 0.7, which was
generated by GNU Autoconf 2.61.  Invocation command line was

  CONFIG_FILES    = 
  CONFIG_HEADERS  = 
  CONFIG_LINKS    = 
  CONFIG_COMMANDS = 
  $ ./config.status 

on stuff

config.status:659: creating Makefile
config.status:794: WARNING:  Makefile.in seems to ignore the --datarootdir setting

## ---------------- ##
## Cache variables. ##
## ---------------- ##

ac_cv_build=i686-pc-linux-gnu
ac_cv_c_bigendian=no
ac_cv_c_compiler_gnu=yes
ac_cv_cxx_compiler_gnu=yes
ac_cv_env_CCC_set=
ac_cv_env_CCC_value=
ac_cv_env_CC_set=
ac_cv_env_CC_value=
ac_cv_env_CFLAGS_set=set
ac_cv_env_CFLAGS_value=' -I /home/alan/bin/TooN/include/ '
ac_cv_env_CPPFLAGS_set=set
ac_cv_env_CPPFLAGS_value=' -I /home/alan/bin/TooN/include/ '
ac_cv_env_CPP_set=
ac_cv_env_CPP_value=
ac_cv_env_CXXCPP_set=
ac_cv_env_CXXCPP_value=
ac_cv_env_CXXFLAGS_set=set
ac_cv_env_CXXFLAGS_value='-D_REENTRANT -fomit-frame-pointer'
ac_cv_env_CXX_set=
ac_cv_env_CXX_value=
ac_cv_env_LDFLAGS_set=
ac_cv_env_LDFLAGS_value=
ac_cv_env_LIBS_set=
ac_cv_env_LIBS_value=
ac_cv_env_XMKMF_set=
ac_cv_env_XMKMF_value=
ac_cv_env_build_alias_set=
ac_cv_env_build_alias_value=
ac_cv_env_host_alias_set=
ac_cv_env_host_alias_value=
ac_cv_env_target_alias_set=
ac_cv_env_target_alias_value=
ac_cv_func_dgesvd_=no
ac_cv_func_glob=yes
ac_cv_func_posix_memalign=yes
ac_cv_func_pthread_yield=yes
ac_cv_func_pthread_yield_np=no
ac_cv_have_decl_feenableexcept=yes
ac_cv_have_x='have_x=yes	ac_x_includes='\'''\''	ac_x_libraries='\'''\'''
ac_cv_header_GL_glu_h=yes
ac_cv_header_dc1394_dc1394_h=yes
ac_cv_header_glob_h=yes
ac_cv_header_inttypes_h=yes
ac_cv_header_jpeglib_h=yes
ac_cv_header_libdc1394_dc1394_control_h=no
ac_cv_header_libraw1394_raw1394_h=yes
ac_cv_header_memory_h=yes
ac_cv_header_png_h=yes
ac_cv_header_stdc=yes
ac_cv_header_stdint_h=yes
ac_cv_header_stdlib_h=yes
ac_cv_header_string_h=yes
ac_cv_header_strings_h=yes
ac_cv_header_sys_stat_h=yes
ac_cv_header_sys_types_h=yes
ac_cv_header_tiffio_h=yes
ac_cv_header_unistd_h=yes
ac_cv_host=i686-pc-linux-gnu
ac_cv_lib_GLU_gluGetString=yes
ac_cv_lib_GL_glDrawPixels=yes
ac_cv_lib_acml_dgesvd_=no
ac_cv_lib_dc1394_control_main=no
ac_cv_lib_dc1394_main=yes
ac_cv_lib_jpeg_jpeg_destroy_decompress=yes
ac_cv_lib_lapack_dgesvd_=yes
ac_cv_lib_png_png_init_io=yes
ac_cv_lib_raw1394_main=yes
ac_cv_lib_tiff_TIFFReadRGBAImage=yes
ac_cv_lib_tiff_TIFFReadRGBAImageOriented=yes
ac_cv_objext=o
ac_cv_path_EGREP='/bin/grep -E'
ac_cv_path_GREP=/bin/grep
ac_cv_path_install='/usr/bin/install -c'
ac_cv_prog_AWK=mawk
ac_cv_prog_CPP='gcc -E'
ac_cv_prog_CXXCPP='g++ -E'
ac_cv_prog_ac_ct_CC=gcc
ac_cv_prog_ac_ct_CXX=g++
ac_cv_prog_ac_ct_RANLIB=ranlib
ac_cv_prog_cc_c89=
ac_cv_prog_cc_g=yes
ac_cv_prog_cxx_g=yes
ac_cv_prog_docs=no
ac_cv_sizeof_voidp=4
ac_cv_type_voidp=yes

## ----------------- ##
## Output variables. ##
## ----------------- ##

AWK='mawk'
CC='gcc'
CFLAGS=' -I /home/alan/bin/TooN/include/ '
CPP='gcc -E'
CPPFLAGS=' -I /home/alan/bin/TooN/include/  -I/home/alan/bin/libcvd_2009/include'
CXX='g++'
CXXCPP='g++ -E'
CXXFLAGS='-D_REENTRANT -fomit-frame-pointer -Wall -Wextra -pipe -ggdb -fPIC -mmmx -msse -msse -msse2 -msse3 -pthread'
DEFS='-DHAVE_CONFIG_H'
ECHO_C=''
ECHO_N='-n'
ECHO_T=''
EGREP='/bin/grep -E'
EXEEXT=''
GREP='/bin/grep'
INSTALL_DATA='${INSTALL} -m 644'
INSTALL_PROGRAM='${INSTALL}'
INSTALL_SCRIPT='${INSTALL}'
LDFLAGS=''
LIBOBJS=''
LIBS='-ltiff -ljpeg -lpng -llapack -lGLU -lGL -ldc1394  -L -lX11 -lXext -pthread'
LN_S='ln -s'
LTLIBOBJS=''
OBJEXT='o'
OFLAGS=' -O3'
PACKAGE_BUGREPORT=''
PACKAGE_NAME='CVD'
PACKAGE_STRING='CVD 0.7'
PACKAGE_TARNAME='cvd'
PACKAGE_VERSION='0.7'
PATH_SEPARATOR=':'
RANLIB='ranlib'
SHELL='/bin/bash'
XMKMF=''
ac_ct_CC='gcc'
ac_ct_CXX='g++'
bindir='${exec_prefix}/bin'
build='i686-pc-linux-gnu'
build_alias=''
build_cpu='i686'
build_os='linux-gnu'
build_vendor='pc'
datadir='${datarootdir}'
datarootdir='${prefix}/share'
dep_objects='cvd_src/i686/yuv411_to_stuff_MMX.o cvd_src/i686/halfsample.o cvd_src/i686/rgb_to_gray.o cvd_src/i686/convert_rgb_to_y.o cvd_src/i686/convolve_gaussian.o cvd_src/i686/gradient.o cvd_src/i686/yuv422_to_rgb.o cvd_src/i686/yuv422_to_grey.o cvd_src/i686/yuv422_wrapper.o cvd_src/i686/median_3x3.o cvd_src/i686/utility_float.o cvd_src/i686/utility_byte_differences.o cvd_src/i686/utility_double_int.o cvd_src/fast/fast_7_detect.o cvd_src/fast/fast_7_score.o cvd_src/slower_corner_7.o cvd_src/fast/fast_8_detect.o cvd_src/fast/fast_8_score.o cvd_src/slower_corner_8.o cvd_src/fast/fast_9_detect.o cvd_src/fast/fast_9_score.o cvd_src/fast_corner_9_nonmax.o cvd_src/fast/fast_10_detect.o cvd_src/fast/fast_10_score.o cvd_src/fast/fast_11_detect.o cvd_src/fast/fast_11_score.o cvd_src/slower_corner_11.o cvd_src/fast/fast_12_detect.o cvd_src/fast/fast_12_score.o cvd_src/faster_corner_9.o cvd_src/faster_corner_10.o cvd_src/faster_corner_12.o cvd_src/Linux/dvbuffer3_dc1394v2.o cvd_src/Linux/v4l2buffer.o cvd_src/synchronized.o cvd_src/eventobject.o cvd_src/thread.o cvd_src/thread/runnable_batch.o cvd_src/noarch/posix_memalign.o cvd_src/videodisplay.o cvd_src/glwindow.o cvd_src/gltext.o pnm_src/jpeg.o pnm_src/tiff.o pnm_src/tiffwrite.o pnm_src/png.o cvd_src/globlist.o '
docdir='${datarootdir}/doc/${PACKAGE_TARNAME}'
docs='no'
dvidir='${docdir}'
exec_prefix='${prefix}'
have_32bit='yes'
have_assembler='yes'
have_dc1394v2='yes'
have_dvbuffer3='yes'
have_dvbuffer=''
have_fast10='yes'
have_fast11='yes'
have_fast12='yes'
have_fast7='yes'
have_fast8='yes'
have_fast9='yes'
have_ffmpeg=''
have_glob='yes'
have_inline_asm='yes'
have_jpeg='yes'
have_lapack='yes'
have_linux_2_4=''
have_linux_2_6=''
have_memalign='yes'
have_mmx='yes'
have_mmxext='yes'
have_o2buffer=''
have_png='yes'
have_pthread='yes'
have_qtbuffer=''
have_sse2='yes'
have_sse3='yes'
have_sse='yes'
have_ssefast10='yes'
have_ssefast12='yes'
have_ssefast9='yes'
have_tiff='yes'
have_toon=''
have_tr1_shared_ptr='yes'
have_v4l1buffer=''
have_v4l2buffer='yes'
have_videodisplay='yes'
have_x86='yes'
host='i686-pc-linux-gnu'
host_alias=''
host_cpu='i686'
host_os='linux-gnu'
host_vendor='pc'
htmldir='${docdir}'
includedir='${prefix}/include'
infodir='${datarootdir}/info'
libdir='${exec_prefix}/lib'
libexecdir='${exec_prefix}/libexec'
localedir='${datarootdir}/locale'
localstatedir='${prefix}/var'
major='0'
mandir='${datarootdir}/man'
minor='7'
oldincludedir='/usr/include'
osx_hacks=''
pdfdir='${docdir}'
prefix='/home/alan/bin/libcvd_2009'
program_transform_name='s,x,x,'
progs='progs/img_play progs/cvd_display_image progs/img_play_bw progs/img_play_deinterlace progs/video_play_source '
psdir='${docdir}'
sbindir='${exec_prefix}/sbin'
sharedstatedir='${prefix}/com'
sysconfdir='${prefix}/etc'
target_alias=''
testprogs='test/diskbuffer2 test/dvbuffer3_mono test/dvbuffer3_bayerrgb test/test_images test/v4lbuffer_mono test/v4lbuffer_bayerrgb test/v4l2buffer test/font '

## ----------- ##
## confdefs.h. ##
## ----------- ##

#define PACKAGE_NAME "CVD"
#define PACKAGE_TARNAME "cvd"
#define PACKAGE_VERSION "0.7"
#define PACKAGE_STRING "CVD 0.7"
#define PACKAGE_BUGREPORT ""
#define STDC_HEADERS 1
#define CVD_MAJOR_VERSION 0
#define CVD_MINOR_VERSION 7
#define HAVE_SYS_TYPES_H 1
#define HAVE_SYS_STAT_H 1
#define HAVE_STDLIB_H 1
#define HAVE_STRING_H 1
#define HAVE_MEMORY_H 1
#define HAVE_STRINGS_H 1
#define HAVE_INTTYPES_H 1
#define HAVE_STDINT_H 1
#define HAVE_UNISTD_H 1
#define CVD_ARCH_LITTLE_ENDIAN 1
#define CVD_HAVE_MMX 1
#define CVD_HAVE_MMXEXT 1
#define CVD_HAVE_SSE 1
#define CVD_HAVE_SSE2 1
#define CVD_HAVE_SSE3 1
#define SIZEOF_VOIDP 4
#define CVD_HAVE_INLINE_ASM 1
#define CVD_HAVE_ASSEMBLER 1
#define HAVE_DC1394_DC1394_H 1
#define HAVE_LIBDC1394 1
#define CVD_HAVE_DC1394V2 1
#define HAVE_LIBRAW1394_RAW1394_H 1
#define HAVE_LIBRAW1394 1
#define CVD_HAVE_DVBUFFER3 1
#define CVD_HAVE_V4L2BUFFER 1
#define CVD_KERNEL_MAJOR 3
#define CVD_KERNEL_MINOR 8
#define CVD_KERNEL_RELEASE 0
#define HAVE_LIBGL 1
#define HAVE_GL_GLU_H 1
#define HAVE_LIBGLU 1
#define CVD_HAVE_VIDEODISPLAY 1
#define CVD_HAVE_TR1_SHARED_PTR 1
#define HAVE_LIBLAPACK 1
#define CVD_HAVE_LAPACK 1
#define CVD_HAVE_PTHREAD 1
#define CVD_HAVE_PTHREAD_YIELD 1
#define HAVE_PNG_H 1
#define HAVE_LIBPNG 1
#define CVD_HAVE_PNG 1
#define HAVE_JPEGLIB_H 1
#define HAVE_LIBJPEG 1
#define CVD_HAVE_JPEG 1
#define CVD_INTERNAL_JPEG_BUFFER_SIZE 1
#define HAVE_TIFFIO_H 1
#define HAVE_LIBTIFF 1
#define CVD_HAVE_TIFF 1
#define CVD_INTERNAL_HAVE_TIFF_ORIENTED 1
#define HAVE_GLOB_H 1
#define CVD_HAVE_GLOB 1
#define CVD_HAVE_FENV_H 1
#define CVD_HAVE_MEMALIGN 1
#define CVD_INTERNAL_HAVE_HALFSAMPLE_MMX8 1
#define CVD_INTERNAL_HAVE_HALFSAMPLE_SSE16 1
#define CVD_INTERNAL_HAVE_YV402P_MMX 1

configure: exit 0
